<?xml version="1.0" encoding="UTF-8"?>
<!-- Generated by org.testng.reporters.JUnitXMLReporter -->
<testsuite ignored="5" hostname="DESKTOP-CVKLOG0" failures="0" tests="9" name="Chrome test" time="67.933" errors="0" timestamp="2026-02-02T13:12:36 IST">
  <testcase classname="com.jalaAcademy.automation.LoginTest" name="A_TestInvaildLogin" time="0.893"/>
  <testcase classname="com.jalaAcademy.automation.LoginTest" name="B_TestInvaildLogin2" time="1.264"/>
  <testcase classname="com.jalaAcademy.automation.LoginTest" name="C_TestInvaildLogin3" time="0.802"/>
  <testcase classname="com.jalaAcademy.automation.LoginTest" name="D_testVaildLogin4" time="1.023"/>
  <testcase classname="com.jalaAcademy.automation.EmployeeDetailsTest" name="A_testVaildEmployeeDetails" time="13.395"/>
  <testcase classname="com.jalaAcademy.automation.SearchEmployeeTest" name="A_testSearchEmployee" time="7.643"/>
  <testcase classname="com.jalaAcademy.automation.MenuTest" name="A_testMenu" time="0.169"/>
  <testcase classname="com.jalaAcademy.automation.IframeTest" name="A_testIframe" time="0.135"/>
  <testcase classname="com.jalaAcademy.automation.ImagesTest" name="A_testUploadImages" time="2.399"/>
  <testcase classname="com.jalaAcademy.base.BaseTest" name="@BeforeSuite loadPropertyFiles" time="0.0">
    <ignored/>
  </testcase> <!-- @BeforeSuite loadPropertyFiles -->
  <testcase classname="com.jalaAcademy.base.BaseTest" name="@BeforeSuite loadPropertyFiles" time="0.0">
    <ignored/>
  </testcase> <!-- @BeforeSuite loadPropertyFiles -->
  <testcase classname="com.jalaAcademy.base.BaseTest" name="@BeforeSuite loadPropertyFiles" time="0.0">
    <ignored/>
  </testcase> <!-- @BeforeSuite loadPropertyFiles -->
  <testcase classname="com.jalaAcademy.base.BaseTest" name="@BeforeSuite loadPropertyFiles" time="0.0">
    <ignored/>
  </testcase> <!-- @BeforeSuite loadPropertyFiles -->
  <testcase classname="com.jalaAcademy.base.BaseTest" name="@BeforeSuite loadPropertyFiles" time="0.0">
    <ignored/>
  </testcase> <!-- @BeforeSuite loadPropertyFiles -->
</testsuite> <!-- Chrome test -->
