<?xml version="1.0" encoding="UTF-8"?>
<!-- Generated by org.testng.reporters.JUnitXMLReporter -->
<testsuite ignored="1" hostname="DESKTOP-CVKLOG0" failures="0" tests="9" name="Test" time="38.813" errors="0" timestamp="2025-12-12T00:02:20 IST">
  <testcase classname="com.jalaAcademy.automation.LoginTest" name="TestInvaildLogin" time="1.474"/>
  <testcase classname="com.jalaAcademy.automation.LoginTest" name="TestInvaildLogin2" time="1.05"/>
  <testcase classname="com.jalaAcademy.automation.LoginTest" name="TestInvaildLogin3" time="1.107"/>
  <testcase classname="com.jalaAcademy.automation.LoginTest" name="TestVaildLogin4" time="1.002"/>
  <testcase classname="com.jalaAcademy.automation.EmployeeDetailsTest" name="TestVaildEmployeeDetails" time="3.56"/>
  <testcase classname="com.jalaAcademy.automation.SearchEmployeeTest" name="TestSearchEmployee" time="5.016"/>
  <testcase classname="com.jalaAcademy.automation.MenuTest" name="TestMenu" time="0.76"/>
  <testcase classname="com.jalaAcademy.automation.IframeTest" name="TestIframe" time="0.174"/>
  <testcase classname="com.jalaAcademy.automation.ImagesTest" name="TestUploadImages" time="0.427"/>
  <testcase classname="com.jalaAcademy.base.BaseTest" name="@BeforeSuite loadPropertyFiles" time="0.0">
    <ignored/>
  </testcase> <!-- @BeforeSuite loadPropertyFiles -->
</testsuite> <!-- Test -->
