<?xml version="1.0" encoding="UTF-8"?>
<!-- Generated by org.testng.reporters.JUnitXMLReporter -->
<testsuite ignored="5" hostname="DESKTOP-CVKLOG0" failures="0" tests="9" name="Chrome test" time="65.242" errors="0" timestamp="2026-02-02T13:03:31 IST">
  <testcase classname="com.jalaAcademy.automation.LoginTest" name="A_TestInvaildLogin" time="0.929"/>
  <testcase classname="com.jalaAcademy.automation.LoginTest" name="B_TestInvaildLogin2" time="0.659"/>
  <testcase classname="com.jalaAcademy.automation.LoginTest" name="C_TestInvaildLogin3" time="0.481"/>
  <testcase classname="com.jalaAcademy.automation.LoginTest" name="D_testVaildLogin4" time="0.628"/>
  <testcase classname="com.jalaAcademy.automation.EmployeeDetailsTest" name="A_testVaildEmployeeDetails" time="12.45"/>
  <testcase classname="com.jalaAcademy.automation.SearchEmployeeTest" name="A_testSearchEmployee" time="7.688"/>
  <testcase classname="com.jalaAcademy.automation.MenuTest" name="A_testMenu" time="0.177"/>
  <testcase classname="com.jalaAcademy.automation.IframeTest" name="A_testIframe" time="0.201"/>
  <testcase classname="com.jalaAcademy.automation.ImagesTest" name="A_testUploadImages" time="2.405"/>
  <testcase classname="com.jalaAcademy.base.BaseTest" name="@BeforeSuite loadPropertyFiles" time="0.0">
    <ignored/>
  </testcase> <!-- @BeforeSuite loadPropertyFiles -->
  <testcase classname="com.jalaAcademy.base.BaseTest" name="@BeforeSuite loadPropertyFiles" time="0.0">
    <ignored/>
  </testcase> <!-- @BeforeSuite loadPropertyFiles -->
  <testcase classname="com.jalaAcademy.base.BaseTest" name="@BeforeSuite loadPropertyFiles" time="0.0">
    <ignored/>
  </testcase> <!-- @BeforeSuite loadPropertyFiles -->
  <testcase classname="com.jalaAcademy.base.BaseTest" name="@BeforeSuite loadPropertyFiles" time="0.0">
    <ignored/>
  </testcase> <!-- @BeforeSuite loadPropertyFiles -->
  <testcase classname="com.jalaAcademy.base.BaseTest" name="@BeforeSuite loadPropertyFiles" time="0.0">
    <ignored/>
  </testcase> <!-- @BeforeSuite loadPropertyFiles -->
</testsuite> <!-- Chrome test -->
