<?xml version="1.0" encoding="UTF-8"?>
<!-- Generated by org.testng.reporters.JUnitXMLReporter -->
<testsuite ignored="6" hostname="DESKTOP-CVKLOG0" failures="0" tests="4" name="Chrome test(failed)" time="51.546" errors="0" timestamp="2026-01-09T00:16:33 IST">
  <testcase classname="com.jalaAcademy.automation.MenuTest" name="@BeforeClass setup" time="20.322">
    <failure type="org.openqa.selenium.ElementNotInteractableException" message="element not interactable
  (Session info: chrome=143.0.7499.171)
Build info: version: &amp;apos;4.38.0&amp;apos;, revision: &amp;apos;6b412e825c*&amp;apos;
System info: os.name: &amp;apos;Windows 11&amp;apos;, os.arch: &amp;apos;amd64&amp;apos;, os.version: &amp;apos;10.0&amp;apos;, java.version: &amp;apos;21.0.7&amp;apos;
Driver info: org.openqa.selenium.chrome.ChromeDriver
Command: [f3370214b72cc40c2b969d9d2d0e25e2, clickElement {id=f.F4CEBA22EB1E3A6D8C717314D5CB0032.d.8DFA0370EF69065E661CCE98CB142BCE.e.21}]
Capabilities {acceptInsecureCerts: false, browserName: chrome, browserVersion: 143.0.7499.171, chrome: {chromedriverVersion: 143.0.7499.192 (be2c1f4fd45..., userDataDir: C:\Users\hp\AppData\Local\T...}, fedcm:accounts: true, goog:chromeOptions: {debuggerAddress: localhost:59739}, goog:processID: 15132, networkConnectionEnabled: false, pageLoadStrategy: normal, platformName: windows, proxy: Proxy(), se:cdp: ws://localhost:59739/devtoo..., se:cdpVersion: 143.0.7499.171, setWindowRect: true, strictFileInteractability: false, timeouts: {implicit: 0, pageLoad: 300000, script: 30000}, unhandledPromptBehavior: dismiss and notify, webauthn:extension:credBlob: true, webauthn:extension:largeBlob: true, webauthn:extension:minPinLength: true, webauthn:extension:prf: true, webauthn:virtualAuthenticators: true}
Element: [[ChromeDriver: chrome on windows (f3370214b72cc40c2b969d9d2d0e25e2)] -&amp;gt; xpath: (//i[@class=&amp;quot;fa fa-hand-o-right&amp;quot;])[2]]
Session ID: f3370214b72cc40c2b969d9d2d0e25e2">
      <![CDATA[org.openqa.selenium.ElementNotInteractableException: element not interactable
  (Session info: chrome=143.0.7499.171)
Build info: version: '4.38.0', revision: '6b412e825c*'
System info: os.name: 'Windows 11', os.arch: 'amd64', os.version: '10.0', java.version: '21.0.7'
Driver info: org.openqa.selenium.chrome.ChromeDriver
Command: [f3370214b72cc40c2b969d9d2d0e25e2, clickElement {id=f.F4CEBA22EB1E3A6D8C717314D5CB0032.d.8DFA0370EF69065E661CCE98CB142BCE.e.21}]
Capabilities {acceptInsecureCerts: false, browserName: chrome, browserVersion: 143.0.7499.171, chrome: {chromedriverVersion: 143.0.7499.192 (be2c1f4fd45..., userDataDir: C:\Users\hp\AppData\Local\T...}, fedcm:accounts: true, goog:chromeOptions: {debuggerAddress: localhost:59739}, goog:processID: 15132, networkConnectionEnabled: false, pageLoadStrategy: normal, platformName: windows, proxy: Proxy(), se:cdp: ws://localhost:59739/devtoo..., se:cdpVersion: 143.0.7499.171, setWindowRect: true, strictFileInteractability: false, timeouts: {implicit: 0, pageLoad: 300000, script: 30000}, unhandledPromptBehavior: dismiss and notify, webauthn:extension:credBlob: true, webauthn:extension:largeBlob: true, webauthn:extension:minPinLength: true, webauthn:extension:prf: true, webauthn:virtualAuthenticators: true}
Element: [[ChromeDriver: chrome on windows (f3370214b72cc40c2b969d9d2d0e25e2)] -> xpath: (//i[@class="fa fa-hand-o-right"])[2]]
Session ID: f3370214b72cc40c2b969d9d2d0e25e2
at org.openqa.selenium.remote.ErrorCodec.decode(ErrorCodec.java:167)
at org.openqa.selenium.remote.codec.w3c.W3CHttpResponseCodec.decode(W3CHttpResponseCodec.java:138)
at org.openqa.selenium.remote.codec.w3c.W3CHttpResponseCodec.decode(W3CHttpResponseCodec.java:50)
at org.openqa.selenium.remote.HttpCommandExecutor.execute(HttpCommandExecutor.java:215)
at org.openqa.selenium.remote.service.DriverCommandExecutor.invokeExecute(DriverCommandExecutor.java:216)
at org.openqa.selenium.remote.service.DriverCommandExecutor.execute(DriverCommandExecutor.java:174)
at org.openqa.selenium.remote.RemoteWebDriver.execute(RemoteWebDriver.java:557)
at org.openqa.selenium.remote.RemoteWebElement.execute(RemoteWebElement.java:223)
at org.openqa.selenium.remote.RemoteWebElement.click(RemoteWebElement.java:76)
at org.openqa.selenium.support.pagefactory.internal.LocatingElementHandler.invoke(LocatingElementHandler.java:51)
at jdk.proxy2/jdk.proxy2.$Proxy36.click(Unknown Source)
at com.jalaAcademy.page.BasePage.click(BasePage.java:12)
at com.jalaAcademy.Automation.HomePage.clickOnMenuButton(HomePage.java:48)
at com.jalaAcademy.automation.MenuTest.setup(MenuTest.java:47)
at java.base/java.util.ArrayList.forEach(ArrayList.java:1596)
at java.base/java.util.concurrent.FutureTask.run(FutureTask.java:317)
at java.base/java.util.concurrent.ThreadPoolExecutor.runWorker(ThreadPoolExecutor.java:1144)
at java.base/java.util.concurrent.ThreadPoolExecutor$Worker.run(ThreadPoolExecutor.java:642)
at java.base/java.lang.Thread.run(Thread.java:1583)
... Removed 18 stack frames]]>
    </failure>
  </testcase> <!-- @BeforeClass setup -->
  <testcase classname="com.jalaAcademy.automation.MenuTest" name="@AfterClass quit" time="0.0">
    <skipped/>
  </testcase> <!-- @AfterClass quit -->
  <testcase classname="com.jalaAcademy.automation.MenuTest" name="A_testMenu" time="0.0">
    <skipped/>
  </testcase> <!-- A_testMenu -->
  <testcase classname="com.jalaAcademy.automation.LoginTest" name="D_testVaildLogin4" time="1.483"/>
  <testcase classname="com.jalaAcademy.automation.EmployeeDetailsTest" name="A_testVaildEmployeeDetails" time="13.135"/>
  <testcase classname="com.jalaAcademy.automation.SearchEmployeeTest" name="A_testSearchEmployee" time="7.091"/>
  <testcase classname="com.jalaAcademy.base.BaseTest" name="@BeforeSuite loadPropertyFiles" time="0.0">
    <ignored/>
  </testcase> <!-- @BeforeSuite loadPropertyFiles -->
  <testcase classname="com.jalaAcademy.automation.LoginTest" name="A_TestInvaildLogin" time="0.0">
    <ignored/>
  </testcase> <!-- A_TestInvaildLogin -->
  <testcase classname="com.jalaAcademy.automation.LoginTest" name="C_TestInvaildLogin3" time="0.0">
    <ignored/>
  </testcase> <!-- C_TestInvaildLogin3 -->
  <testcase classname="com.jalaAcademy.automation.LoginTest" name="B_TestInvaildLogin2" time="0.0">
    <ignored/>
  </testcase> <!-- B_TestInvaildLogin2 -->
  <testcase classname="com.jalaAcademy.base.BaseTest" name="@BeforeSuite loadPropertyFiles" time="0.0">
    <ignored/>
  </testcase> <!-- @BeforeSuite loadPropertyFiles -->
  <testcase classname="com.jalaAcademy.base.BaseTest" name="@BeforeSuite loadPropertyFiles" time="0.0">
    <ignored/>
  </testcase> <!-- @BeforeSuite loadPropertyFiles -->
</testsuite> <!-- Chrome test(failed) -->
