<?xml version="1.0" encoding="UTF-8"?>
<!-- Generated by org.testng.reporters.JUnitXMLReporter -->
<testsuite ignored="5" hostname="DESKTOP-CVKLOG0" failures="0" tests="3" name="Firefox(failed)" time="43.551" errors="0" timestamp="2026-01-09T00:16:25 IST">
  <testcase classname="com.jalaAcademy.automation.LoginTest" name="D_testVaildLogin4" time="0.433"/>
  <testcase classname="com.jalaAcademy.automation.EmployeeDetailsTest" name="A_testVaildEmployeeDetails" time="11.723"/>
  <testcase classname="com.jalaAcademy.automation.SearchEmployeeTest" name="A_testSearchEmployee" time="6.98"/>
  <testcase classname="com.jalaAcademy.base.BaseTest" name="@BeforeSuite loadPropertyFiles" time="0.0">
    <ignored/>
  </testcase> <!-- @BeforeSuite loadPropertyFiles -->
  <testcase classname="com.jalaAcademy.automation.LoginTest" name="B_TestInvaildLogin2" time="0.0">
    <ignored/>
  </testcase> <!-- B_TestInvaildLogin2 -->
  <testcase classname="com.jalaAcademy.base.BaseTest" name="@BeforeSuite loadPropertyFiles" time="0.0">
    <ignored/>
  </testcase> <!-- @BeforeSuite loadPropertyFiles -->
  <testcase classname="com.jalaAcademy.automation.LoginTest" name="A_TestInvaildLogin" time="0.0">
    <ignored/>
  </testcase> <!-- A_TestInvaildLogin -->
  <testcase classname="com.jalaAcademy.automation.LoginTest" name="C_TestInvaildLogin3" time="0.0">
    <ignored/>
  </testcase> <!-- C_TestInvaildLogin3 -->
</testsuite> <!-- Firefox(failed) -->
