<?xml version="1.0" encoding="UTF-8"?>
<testsuite xmlns:xsi="http://www.w3.org/2001/XMLSchema-instance" xsi:noNamespaceSchemaLocation="https://maven.apache.org/surefire/maven-surefire-plugin/xsd/surefire-test-report-3.0.xsd" version="3.0" name="TestSuite" time="99.58" tests="18" errors="0" skipped="0" failures="0">
  <properties>
[...]
</properties>
  <testcase name="A_TestInvaildLogin" classname="com.jalaAcademy.automation.LoginTest" time="1.474">
    <system-out><![CDATA[2026-02-02 13:02:26 INFO  BaseTest - Starting of setup method
2026-02-02 13:02:26 INFO  BaseTest - Starting of setup method
2026-02-02 13:02:29 INFO  BasePage - Starting of LoginPage constructor
2026-02-02 13:02:29 INFO  BasePage - Ending of LoginPage constructor
2026-02-02 13:02:30 INFO  BaseTest - Ending of setup method
2026-02-02 13:02:30 INFO  Listeners - Test Started  : A_TestInvaildLogin
2026-02-02 13:02:30 INFO  BaseTest - Starting of TestInvaildLogin method
2026-02-02 13:02:30 INFO  BasePage - Starting of enterEmail method
2026-02-02 13:02:30 INFO  BasePage - Starting of sendKeys method
2026-02-02 13:02:31 INFO  BasePage - Ending of sendKeys method
2026-02-02 13:02:31 INFO  BasePage - Ending of enterEmail method
2026-02-02 13:02:31 INFO  BasePage - Starting of enterPassword method
2026-02-02 13:02:31 INFO  BasePage - Starting of sendKeys method
2026-02-02 13:02:31 INFO  BasePage - Ending of sendKeys method
2026-02-02 13:02:31 INFO  BasePage - Ending of enterPassword method
2026-02-02 13:02:31 INFO  BasePage - Starting of clickOnRememberMe method
2026-02-02 13:02:31 INFO  BasePage - Starting of click method
2026-02-02 13:02:31 INFO  BasePage - Ending of click method
2026-02-02 13:02:31 INFO  BasePage - Ending of clickOnRememberMe method
2026-02-02 13:02:31 INFO  BasePage - Starting of clickOnLoginButton method
2026-02-02 13:02:31 INFO  BasePage - Starting of click method
2026-02-02 13:02:31 INFO  BasePage - Ending of click method
2026-02-02 13:02:31 INFO  BasePage - Ending of clickOnLoginButton method
2026-02-02 13:02:31 INFO  BaseTest - Ending of TestInvaildLogin method
2026-02-02 13:02:31 INFO  Listeners - Test PassedA_TestInvaildLogin
]]></system-out>
    <system-err><![CDATA[SLF4J(W): No SLF4J providers were found.
SLF4J(W): Defaulting to no-operation (NOP) logger implementation
SLF4J(W): See https://www.slf4j.org/codes.html#noProviders for further details.
Feb 02, 2026 1:02:28 PM org.openqa.selenium.devtools.CdpVersionFinder findNearestMatch
WARNING: Unable to find an exact match for CDP version 144, returning the closest version; found: 142; Please update to a Selenium version that supports CDP version 144
]]></system-err>
  </testcase>
  <testcase name="A_TestInvaildLogin" classname="com.jalaAcademy.automation.LoginTest" time="1.105">
    <system-out><![CDATA[2026-02-02 13:02:34 INFO  BaseTest - Starting of setup method
2026-02-02 13:02:34 INFO  BasePage - Starting of LoginPage constructor
2026-02-02 13:02:34 INFO  BasePage - Ending of LoginPage constructor
2026-02-02 13:02:35 INFO  BaseTest - Ending of setup method
2026-02-02 13:02:35 INFO  Listeners - Test Started  : A_TestInvaildLogin
2026-02-02 13:02:35 INFO  BaseTest - Starting of TestInvaildLogin method
2026-02-02 13:02:35 INFO  BasePage - Starting of enterEmail method
2026-02-02 13:02:35 INFO  BasePage - Starting of sendKeys method
2026-02-02 13:02:36 INFO  BasePage - Starting of EmployeeDetails constructor
2026-02-02 13:02:36 INFO  BasePage - Ending of EmployeeDetails constructor
2026-02-02 13:02:36 INFO  BasePage - Starting of LoginPage constructor
2026-02-02 13:02:36 INFO  BasePage - Ending of LoginPage constructor
2026-02-02 13:02:36 INFO  BasePage - Ending of sendKeys method
2026-02-02 13:02:36 INFO  BasePage - Ending of enterEmail method
2026-02-02 13:02:36 INFO  BasePage - Starting of enterPassword method
2026-02-02 13:02:36 INFO  BasePage - Starting of sendKeys method
2026-02-02 13:02:36 INFO  BasePage - Ending of sendKeys method
2026-02-02 13:02:36 INFO  BasePage - Ending of enterPassword method
2026-02-02 13:02:36 INFO  BasePage - Starting of clickOnRememberMe method
2026-02-02 13:02:36 INFO  BasePage - Starting of click method
2026-02-02 13:02:36 INFO  BasePage - Ending of click method
2026-02-02 13:02:36 INFO  BasePage - Ending of clickOnRememberMe method
2026-02-02 13:02:36 INFO  BasePage - Starting of clickOnLoginButton method
2026-02-02 13:02:36 INFO  BasePage - Starting of click method
2026-02-02 13:02:36 INFO  BasePage - Ending of click method
2026-02-02 13:02:36 INFO  BasePage - Ending of clickOnLoginButton method
2026-02-02 13:02:36 INFO  BaseTest - Ending of TestInvaildLogin method
2026-02-02 13:02:36 INFO  Listeners - Test PassedA_TestInvaildLogin
]]></system-out>
    <system-err><![CDATA[Feb 02, 2026 1:02:36 PM org.openqa.selenium.devtools.CdpVersionFinder findNearestMatch
WARNING: Unable to find an exact match for CDP version 144, returning the closest version; found: 142; Please update to a Selenium version that supports CDP version 144
]]></system-err>
  </testcase>
  <testcase name="B_TestInvaildLogin2" classname="com.jalaAcademy.automation.LoginTest" time="0.66">
    <system-out><![CDATA[2026-02-02 13:02:32 INFO  Listeners - Test Started  : B_TestInvaildLogin2
2026-02-02 13:02:32 INFO  BaseTest - Starting of TestInvaildLogin2 method
2026-02-02 13:02:32 INFO  BasePage - Starting of enterEmail method
2026-02-02 13:02:32 INFO  BasePage - Starting of sendKeys method
2026-02-02 13:02:32 INFO  BasePage - Ending of sendKeys method
2026-02-02 13:02:32 INFO  BasePage - Ending of enterEmail method
2026-02-02 13:02:32 INFO  BasePage - Starting of enterPassword method
2026-02-02 13:02:32 INFO  BasePage - Starting of sendKeys method
2026-02-02 13:02:32 INFO  BasePage - Ending of sendKeys method
2026-02-02 13:02:32 INFO  BasePage - Ending of enterPassword method
2026-02-02 13:02:32 INFO  BasePage - Starting of clickOnRememberMe method
2026-02-02 13:02:32 INFO  BasePage - Starting of click method
2026-02-02 13:02:32 INFO  BasePage - Ending of click method
2026-02-02 13:02:32 INFO  BasePage - Ending of clickOnRememberMe method
2026-02-02 13:02:32 INFO  BasePage - Starting of clickOnLoginButton method
2026-02-02 13:02:32 INFO  BasePage - Starting of click method
2026-02-02 13:02:32 INFO  BasePage - Ending of click method
2026-02-02 13:02:32 INFO  BasePage - Ending of clickOnLoginButton method
2026-02-02 13:02:32 INFO  BaseTest - Ending of TestInvaildLogin2 method
2026-02-02 13:02:32 INFO  Listeners - Test PassedB_TestInvaildLogin2
]]></system-out>
  </testcase>
  <testcase name="B_TestInvaildLogin2" classname="com.jalaAcademy.automation.LoginTest" time="0.708">
    <system-out><![CDATA[2026-02-02 13:02:36 INFO  Listeners - Test Started  : B_TestInvaildLogin2
2026-02-02 13:02:36 INFO  BaseTest - Starting of TestInvaildLogin2 method
2026-02-02 13:02:36 INFO  BasePage - Starting of enterEmail method
2026-02-02 13:02:36 INFO  BasePage - Starting of sendKeys method
2026-02-02 13:02:37 INFO  BasePage - Ending of sendKeys method
2026-02-02 13:02:37 INFO  BasePage - Ending of enterEmail method
2026-02-02 13:02:37 INFO  BasePage - Starting of enterPassword method
2026-02-02 13:02:37 INFO  BasePage - Starting of sendKeys method
2026-02-02 13:02:37 INFO  BasePage - Ending of sendKeys method
2026-02-02 13:02:37 INFO  BasePage - Ending of enterPassword method
2026-02-02 13:02:37 INFO  BasePage - Starting of clickOnRememberMe method
2026-02-02 13:02:37 INFO  BasePage - Starting of click method
2026-02-02 13:02:37 INFO  BasePage - Starting of enterEmail method
2026-02-02 13:02:37 INFO  BasePage - Starting of sendKeys method
2026-02-02 13:02:37 INFO  BasePage - Ending of click method
2026-02-02 13:02:37 INFO  BasePage - Ending of clickOnRememberMe method
2026-02-02 13:02:37 INFO  BasePage - Starting of clickOnLoginButton method
2026-02-02 13:02:37 INFO  BasePage - Starting of click method
2026-02-02 13:02:37 INFO  BasePage - Ending of click method
2026-02-02 13:02:37 INFO  BasePage - Ending of clickOnLoginButton method
2026-02-02 13:02:37 INFO  BaseTest - Ending of TestInvaildLogin2 method
2026-02-02 13:02:37 INFO  Listeners - Test PassedB_TestInvaildLogin2
]]></system-out>
  </testcase>
  <testcase name="C_TestInvaildLogin3" classname="com.jalaAcademy.automation.LoginTest" time="0.486">
    <system-out><![CDATA[2026-02-02 13:02:32 INFO  Listeners - Test Started  : C_TestInvaildLogin3
2026-02-02 13:02:32 INFO  BaseTest - Starting of TestInvaildLogin3 method
2026-02-02 13:02:32 INFO  BasePage - Starting of enterEmail method
2026-02-02 13:02:32 INFO  BasePage - Starting of sendKeys method
2026-02-02 13:02:32 INFO  BasePage - Ending of sendKeys method
2026-02-02 13:02:32 INFO  BasePage - Ending of enterEmail method
2026-02-02 13:02:32 INFO  BasePage - Starting of enterPassword method
2026-02-02 13:02:32 INFO  BasePage - Starting of sendKeys method
2026-02-02 13:02:33 INFO  BasePage - Ending of sendKeys method
2026-02-02 13:02:33 INFO  BasePage - Ending of enterPassword method
2026-02-02 13:02:33 INFO  BasePage - Starting of clickOnRememberMe method
2026-02-02 13:02:33 INFO  BasePage - Starting of click method
2026-02-02 13:02:33 INFO  BasePage - Ending of click method
2026-02-02 13:02:33 INFO  BasePage - Ending of clickOnRememberMe method
2026-02-02 13:02:33 INFO  BasePage - Starting of clickOnLoginButton method
2026-02-02 13:02:33 INFO  BasePage - Starting of click method
2026-02-02 13:02:33 INFO  BasePage - Ending of click method
2026-02-02 13:02:33 INFO  BasePage - Ending of clickOnLoginButton method
2026-02-02 13:02:33 INFO  BaseTest - Ending of TestInvaildLogin3 method
2026-02-02 13:02:33 INFO  Listeners - Test PassedC_TestInvaildLogin3
]]></system-out>
  </testcase>
  <testcase name="C_TestInvaildLogin3" classname="com.jalaAcademy.automation.LoginTest" time="0.444">
    <system-out><![CDATA[2026-02-02 13:02:37 INFO  Listeners - Test Started  : C_TestInvaildLogin3
2026-02-02 13:02:37 INFO  BaseTest - Starting of TestInvaildLogin3 method
2026-02-02 13:02:37 INFO  BasePage - Starting of enterEmail method
2026-02-02 13:02:37 INFO  BasePage - Starting of sendKeys method
2026-02-02 13:02:37 INFO  BasePage - Ending of sendKeys method
2026-02-02 13:02:37 INFO  BasePage - Ending of enterEmail method
2026-02-02 13:02:37 INFO  BasePage - Starting of enterPassword method
2026-02-02 13:02:37 INFO  BasePage - Starting of sendKeys method
2026-02-02 13:02:37 INFO  BasePage - Ending of sendKeys method
2026-02-02 13:02:37 INFO  BasePage - Ending of enterPassword method
2026-02-02 13:02:37 INFO  BasePage - Starting of clickOnRememberMe method
2026-02-02 13:02:37 INFO  BasePage - Starting of click method
2026-02-02 13:02:37 INFO  BasePage - Ending of sendKeys method
2026-02-02 13:02:37 INFO  BasePage - Ending of enterEmail method
2026-02-02 13:02:37 INFO  BasePage - Starting of enterPassword method
2026-02-02 13:02:37 INFO  BasePage - Starting of sendKeys method
2026-02-02 13:02:38 INFO  BasePage - Ending of click method
2026-02-02 13:02:38 INFO  BasePage - Ending of clickOnRememberMe method
2026-02-02 13:02:38 INFO  BasePage - Starting of clickOnLoginButton method
2026-02-02 13:02:38 INFO  BasePage - Starting of click method
2026-02-02 13:02:38 INFO  BasePage - Ending of click method
2026-02-02 13:02:38 INFO  BasePage - Ending of clickOnLoginButton method
2026-02-02 13:02:38 INFO  BaseTest - Ending of TestInvaildLogin3 method
2026-02-02 13:02:38 INFO  Listeners - Test PassedC_TestInvaildLogin3
]]></system-out>
  </testcase>
  <testcase name="D_testVaildLogin4" classname="com.jalaAcademy.automation.LoginTest" time="0.632">
    <system-out><![CDATA[2026-02-02 13:02:33 INFO  Listeners - Test Started  : D_testVaildLogin4
2026-02-02 13:02:33 INFO  BaseTest - Starting of testVaildLogin4 method
2026-02-02 13:02:33 INFO  BasePage - Starting of enterEmail method
2026-02-02 13:02:33 INFO  BasePage - Starting of sendKeys method
2026-02-02 13:02:33 INFO  BasePage - Ending of sendKeys method
2026-02-02 13:02:33 INFO  BasePage - Ending of enterEmail method
2026-02-02 13:02:33 INFO  BasePage - Starting of enterPassword method
2026-02-02 13:02:33 INFO  BasePage - Starting of sendKeys method
2026-02-02 13:02:33 INFO  BasePage - Ending of sendKeys method
2026-02-02 13:02:33 INFO  BasePage - Ending of enterPassword method
2026-02-02 13:02:33 INFO  BasePage - Starting of clickOnRememberMe method
2026-02-02 13:02:33 INFO  BasePage - Starting of click method
2026-02-02 13:02:33 INFO  BasePage - Ending of click method
2026-02-02 13:02:33 INFO  BasePage - Ending of clickOnRememberMe method
2026-02-02 13:02:33 INFO  BasePage - Starting of clickOnLoginButton method
2026-02-02 13:02:33 INFO  BasePage - Starting of click method
2026-02-02 13:02:33 INFO  BasePage - Ending of click method
2026-02-02 13:02:33 INFO  BasePage - Ending of clickOnLoginButton method
2026-02-02 13:02:33 INFO  BaseTest - Ending of testVaildLogin4 method
2026-02-02 13:02:33 INFO  Listeners - Test PassedD_testVaildLogin4
]]></system-out>
  </testcase>
  <testcase name="D_testVaildLogin4" classname="com.jalaAcademy.automation.LoginTest" time="0.037">
    <system-out><![CDATA[2026-02-02 13:02:38 INFO  Listeners - Test Started  : D_testVaildLogin4
2026-02-02 13:02:38 INFO  BaseTest - Starting of testVaildLogin4 method
2026-02-02 13:02:38 INFO  BasePage - Starting of enterEmail method
2026-02-02 13:02:38 INFO  BasePage - Starting of sendKeys method
2026-02-02 13:02:38 INFO  BasePage - Ending of sendKeys method
2026-02-02 13:02:38 INFO  BasePage - Ending of enterPassword method
2026-02-02 13:02:38 INFO  BasePage - Starting of clickOnRememberMe method
2026-02-02 13:02:38 INFO  BasePage - Starting of click method
2026-02-02 13:02:38 INFO  BasePage - Ending of sendKeys method
2026-02-02 13:02:38 INFO  BasePage - Ending of enterEmail method
2026-02-02 13:02:38 INFO  BasePage - Starting of enterPassword method
2026-02-02 13:02:38 INFO  BasePage - Starting of sendKeys method
2026-02-02 13:02:38 INFO  BasePage - Ending of sendKeys method
2026-02-02 13:02:38 INFO  BasePage - Ending of enterPassword method
2026-02-02 13:02:38 INFO  BasePage - Starting of clickOnRememberMe method
2026-02-02 13:02:38 INFO  BasePage - Starting of click method
2026-02-02 13:02:38 INFO  BasePage - Ending of click method
2026-02-02 13:02:38 INFO  BasePage - Ending of clickOnRememberMe method
2026-02-02 13:02:38 INFO  BasePage - Starting of clickOnLoginButton method
2026-02-02 13:02:38 INFO  BasePage - Starting of click method
2026-02-02 13:02:38 INFO  BasePage - Ending of click method
2026-02-02 13:02:38 INFO  BasePage - Ending of clickOnRememberMe method
2026-02-02 13:02:38 INFO  BasePage - Starting of clickOnLoginButton method
2026-02-02 13:02:38 INFO  BasePage - Starting of click method
2026-02-02 13:02:38 INFO  BasePage - Ending of click method
2026-02-02 13:02:38 INFO  BasePage - Ending of clickOnLoginButton method
2026-02-02 13:02:38 INFO  BaseTest - Ending of setup method
2026-02-02 13:02:38 INFO  Listeners - Test Started  : A_testVaildEmployeeDetails
2026-02-02 13:02:38 INFO  BaseTest - Starting of testVaildEmployeeDetails method
2026-02-02 13:02:38 INFO  BasePage - Starting of getWelcomeToJalaAcademy method
2026-02-02 13:02:38 INFO  BasePage - Ending of getWelcomeToJalaAcademy method
2026-02-02 13:02:38 INFO  BasePage - Starting of getText method
2026-02-02 13:02:38 INFO  BasePage - Ending of getText method
2026-02-02 13:02:38 INFO  BasePage - Ending of click method
2026-02-02 13:02:38 INFO  BasePage - Ending of clickOnLoginButton method
2026-02-02 13:02:38 INFO  BaseTest - Ending of testVaildLogin4 method
2026-02-02 13:02:38 INFO  Listeners - Test PassedD_testVaildLogin4
]]></system-out>
  </testcase>
  <testcase name="A_testVaildEmployeeDetails" classname="com.jalaAcademy.automation.EmployeeDetailsTest" time="3.027">
    <system-out><![CDATA[2026-02-02 13:02:38 INFO  BasePage - Starting of clickOnEmployeeButton method
2026-02-02 13:02:40 INFO  BaseTest - Starting of setup method
2026-02-02 13:02:40 INFO  BasePage - Starting of click method
2026-02-02 13:02:40 INFO  BasePage - Ending of click method
2026-02-02 13:02:40 INFO  BasePage - Ending of clickOnEmployeeButton method
2026-02-02 13:02:40 INFO  BasePage - Starting of clickOnCreateButton method
2026-02-02 13:02:42 INFO  BasePage - Starting of click method
2026-02-02 13:02:43 INFO  BasePage - Ending of click method
2026-02-02 13:02:43 INFO  BasePage - Ending of clickOnCreateButton method
2026-02-02 13:02:43 INFO  BasePage - Starting of enterFirstName method
2026-02-02 13:02:43 INFO  BasePage - Starting of sendKeys method
2026-02-02 13:02:43 INFO  BasePage - Ending of sendKeys method
2026-02-02 13:02:43 INFO  BasePage - Ending of enterFirstName method
2026-02-02 13:02:43 INFO  BasePage - Starting of enterFirstName method
2026-02-02 13:02:43 INFO  BasePage - Starting of sendKeys method
2026-02-02 13:02:43 INFO  BasePage - Ending of sendKeys method
2026-02-02 13:02:43 INFO  BasePage - Ending of enterFirstName method
2026-02-02 13:02:43 INFO  BasePage - Starting of enterEmailId method
2026-02-02 13:02:43 INFO  BasePage - Starting of sendKeys method
2026-02-02 13:02:44 INFO  BasePage - Ending of sendKeys method
2026-02-02 13:02:44 INFO  BasePage - Ending of enterEmailId method
2026-02-02 13:02:44 INFO  BasePage - Starting of enterMobileNumber method
2026-02-02 13:02:44 INFO  BasePage - Starting of sendKeys method
2026-02-02 13:02:44 INFO  BasePage - Ending of sendKeys method
2026-02-02 13:02:44 INFO  BasePage - Ending of enterMobileNumber method
2026-02-02 13:02:44 INFO  BasePage - Starting of enterDateOfBirth method
2026-02-02 13:02:44 INFO  BasePage - Starting of sendKeys method
2026-02-02 13:02:44 INFO  BasePage - Ending of sendKeys method
2026-02-02 13:02:44 INFO  BasePage - Ending of enterDateOfBirth method
2026-02-02 13:02:44 INFO  BasePage - Starting of clickOnEmployeeButton method
2026-02-02 13:02:46 INFO  BasePage - Starting of EmployeeDetails constructor
2026-02-02 13:02:46 INFO  BasePage - Ending of EmployeeDetails constructor
2026-02-02 13:02:46 INFO  BasePage - Starting of LoginPage constructor
2026-02-02 13:02:46 INFO  BasePage - Ending of LoginPage constructor
2026-02-02 13:02:46 INFO  BasePage - Starting of click method
2026-02-02 13:02:46 INFO  BasePage - Ending of click method
2026-02-02 13:02:46 INFO  BasePage - Ending of clickOnEmployeeButton method
2026-02-02 13:02:46 INFO  BasePage - Starting of enterAddress method
2026-02-02 13:02:46 INFO  BasePage - Starting of sendKeys method
2026-02-02 13:02:46 INFO  BasePage - Ending of sendKeys method
2026-02-02 13:02:46 INFO  BasePage - Ending of enterAddress method
2026-02-02 13:02:46 INFO  BasePage - Starting of clickOnSelectCity method
2026-02-02 13:02:46 INFO  BasePage - Starting of click method
2026-02-02 13:02:47 INFO  BasePage - Ending of click method
2026-02-02 13:02:47 INFO  BasePage - Ending of clickOnSelectCity method
2026-02-02 13:02:47 INFO  BasePage - Starting of clickOnIndia method
2026-02-02 13:02:47 INFO  BasePage - Starting of click method
2026-02-02 13:02:47 INFO  BasePage - Starting of enterEmail method
2026-02-02 13:02:47 INFO  BasePage - Starting of sendKeys method
2026-02-02 13:02:47 INFO  BasePage - Ending of click method
2026-02-02 13:02:47 INFO  BasePage - Ending of clickOnIndia method
2026-02-02 13:02:47 INFO  BasePage - Ending of sendKeys method
2026-02-02 13:02:47 INFO  BasePage - Ending of enterEmail method
2026-02-02 13:02:47 INFO  BasePage - Starting of enterPassword method
2026-02-02 13:02:47 INFO  BasePage - Starting of sendKeys method
2026-02-02 13:02:47 INFO  BasePage - Ending of sendKeys method
2026-02-02 13:02:47 INFO  BasePage - Ending of enterPassword method
2026-02-02 13:02:47 INFO  BasePage - Starting of clickOnRememberMe method
2026-02-02 13:02:47 INFO  BasePage - Starting of click method
2026-02-02 13:02:47 INFO  BasePage - Ending of click method
2026-02-02 13:02:47 INFO  BasePage - Ending of clickOnRememberMe method
2026-02-02 13:02:47 INFO  BasePage - Starting of clickOnLoginButton method
2026-02-02 13:02:47 INFO  BasePage - Starting of click method
2026-02-02 13:02:47 INFO  BasePage - Ending of click method
2026-02-02 13:02:47 INFO  BasePage - Ending of clickOnLoginButton method
2026-02-02 13:02:47 INFO  BaseTest - Ending of setup method
2026-02-02 13:02:47 INFO  Listeners - Test Started  : A_testVaildEmployeeDetails
2026-02-02 13:02:47 INFO  BaseTest - Starting of testVaildEmployeeDetails method
2026-02-02 13:02:47 INFO  BasePage - Starting of getWelcomeToJalaAcademy method
2026-02-02 13:02:47 INFO  BasePage - Ending of getWelcomeToJalaAcademy method
2026-02-02 13:02:47 INFO  BasePage - Starting of getText method
2026-02-02 13:02:47 INFO  BasePage - Ending of getText method
2026-02-02 13:02:48 INFO  BasePage - Starting of clickOnEmployeeButton method
2026-02-02 13:02:50 INFO  BasePage - Starting of clickOnSelectCity method
2026-02-02 13:02:50 INFO  BasePage - Starting of click method
2026-02-02 13:02:50 INFO  BasePage - Starting of click method
2026-02-02 13:02:50 INFO  BasePage - Ending of click method
2026-02-02 13:02:50 INFO  BasePage - Ending of clickOnEmployeeButton method
2026-02-02 13:02:50 INFO  BasePage - Starting of clickOnCreateButton method
2026-02-02 13:02:50 INFO  BasePage - Ending of click method
2026-02-02 13:02:50 INFO  BasePage - Ending of clickOnSelectCity method
2026-02-02 13:02:50 INFO  BasePage - Starting of clickOnHyderabad method
2026-02-02 13:02:50 INFO  BasePage - Starting of click method
2026-02-02 13:02:50 INFO  BasePage - Ending of click method
2026-02-02 13:02:50 INFO  BasePage - Ending of clickOnHyderabad method
2026-02-02 13:02:50 INFO  BasePage - Starting of clickOnQaAutomation method
2026-02-02 13:02:50 INFO  BasePage - Starting of click method
2026-02-02 13:02:50 INFO  BasePage - Ending of click method
2026-02-02 13:02:50 INFO  BasePage - Ending of clickOnQaAutomation method
2026-02-02 13:02:50 INFO  BasePage - Starting of clickOnIndia method
2026-02-02 13:02:50 INFO  BasePage - Starting of click method
2026-02-02 13:02:50 INFO  BasePage - Ending of click method
2026-02-02 13:02:50 INFO  BasePage - Ending of clickOnIndia method
2026-02-02 13:02:50 INFO  BaseTest - Ending of testVaildEmployeeDetails method
2026-02-02 13:02:50 INFO  Listeners - Test PassedA_testVaildEmployeeDetails
]]></system-out>
  </testcase>
  <testcase name="A_testVaildEmployeeDetails" classname="com.jalaAcademy.automation.EmployeeDetailsTest" time="2.978">
    <system-out><![CDATA[2026-02-02 13:02:51 INFO  BaseTest - Starting of setup method
2026-02-02 13:02:52 INFO  BasePage - Starting of click method
2026-02-02 13:02:52 INFO  BasePage - Starting of LoginPage constructor
2026-02-02 13:02:52 INFO  BasePage - Ending of LoginPage constructor
2026-02-02 13:02:52 INFO  BasePage - Starting of EmployeeDetails constructor
2026-02-02 13:02:52 INFO  BasePage - Ending of EmployeeDetails constructor
2026-02-02 13:02:52 INFO  BasePage - Starting of SearchEmployee method
2026-02-02 13:02:52 INFO  BasePage - Ending of SearchEmployee method
2026-02-02 13:02:53 INFO  BasePage - Ending of click method
2026-02-02 13:02:53 INFO  BasePage - Ending of clickOnCreateButton method
2026-02-02 13:02:53 INFO  BasePage - Starting of enterFirstName method
2026-02-02 13:02:53 INFO  BasePage - Starting of sendKeys method
2026-02-02 13:02:53 INFO  BasePage - Ending of sendKeys method
2026-02-02 13:02:53 INFO  BasePage - Ending of enterFirstName method
2026-02-02 13:02:53 INFO  BasePage - Starting of enterFirstName method
2026-02-02 13:02:53 INFO  BasePage - Starting of sendKeys method
2026-02-02 13:02:53 INFO  BasePage - Ending of sendKeys method
2026-02-02 13:02:53 INFO  BasePage - Ending of enterFirstName method
2026-02-02 13:02:53 INFO  BasePage - Starting of enterEmailId method
2026-02-02 13:02:53 INFO  BasePage - Starting of sendKeys method
2026-02-02 13:02:53 INFO  BasePage - Ending of sendKeys method
2026-02-02 13:02:53 INFO  BasePage - Ending of enterEmailId method
2026-02-02 13:02:53 INFO  BasePage - Starting of enterMobileNumber method
2026-02-02 13:02:53 INFO  BasePage - Starting of sendKeys method
2026-02-02 13:02:53 INFO  BasePage - Ending of sendKeys method
2026-02-02 13:02:53 INFO  BasePage - Ending of enterMobileNumber method
2026-02-02 13:02:53 INFO  BasePage - Starting of enterDateOfBirth method
2026-02-02 13:02:53 INFO  BasePage - Starting of sendKeys method
2026-02-02 13:02:53 INFO  BasePage - Ending of sendKeys method
2026-02-02 13:02:53 INFO  BasePage - Ending of enterDateOfBirth method
2026-02-02 13:02:53 INFO  BasePage - Starting of clickOnEmployeeButton method
2026-02-02 13:02:54 INFO  BasePage - Starting of enterEmail method
2026-02-02 13:02:54 INFO  BasePage - Starting of sendKeys method
2026-02-02 13:02:54 INFO  BasePage - Ending of sendKeys method
2026-02-02 13:02:54 INFO  BasePage - Ending of enterEmail method
2026-02-02 13:02:54 INFO  BasePage - Starting of enterPassword method
2026-02-02 13:02:54 INFO  BasePage - Starting of sendKeys method
2026-02-02 13:02:54 INFO  BasePage - Ending of sendKeys method
2026-02-02 13:02:54 INFO  BasePage - Ending of enterPassword method
2026-02-02 13:02:54 INFO  BasePage - Starting of clickOnRememberMe method
2026-02-02 13:02:54 INFO  BasePage - Starting of click method
2026-02-02 13:02:54 INFO  BasePage - Ending of click method
2026-02-02 13:02:54 INFO  BasePage - Ending of clickOnRememberMe method
2026-02-02 13:02:54 INFO  BasePage - Starting of clickOnLoginButton method
2026-02-02 13:02:54 INFO  BasePage - Starting of click method
2026-02-02 13:02:54 INFO  BasePage - Ending of click method
2026-02-02 13:02:54 INFO  BasePage - Ending of clickOnLoginButton method
2026-02-02 13:02:54 INFO  BasePage - Starting of clickOnEmployeeButton method
2026-02-02 13:02:55 INFO  BasePage - Starting of click method
2026-02-02 13:02:55 INFO  BasePage - Ending of click method
2026-02-02 13:02:55 INFO  BasePage - Ending of clickOnEmployeeButton method
2026-02-02 13:02:55 INFO  BasePage - Starting of enterAddress method
2026-02-02 13:02:55 INFO  BasePage - Starting of sendKeys method
2026-02-02 13:02:55 INFO  BasePage - Ending of sendKeys method
2026-02-02 13:02:55 INFO  BasePage - Ending of enterAddress method
2026-02-02 13:02:55 INFO  BasePage - Starting of clickOnSelectCity method
2026-02-02 13:02:55 INFO  BasePage - Starting of click method
2026-02-02 13:02:56 INFO  BasePage - Ending of click method
2026-02-02 13:02:56 INFO  BasePage - Ending of clickOnSelectCity method
2026-02-02 13:02:56 INFO  BasePage - Starting of clickOnIndia method
2026-02-02 13:02:56 INFO  BasePage - Starting of click method
2026-02-02 13:02:56 INFO  BasePage - Ending of click method
2026-02-02 13:02:56 INFO  BasePage - Ending of clickOnIndia method
2026-02-02 13:02:56 INFO  BasePage - Starting of click method
2026-02-02 13:02:57 INFO  BasePage - Ending of click method
2026-02-02 13:02:57 INFO  BasePage - Ending of clickOnEmployeeButton method
2026-02-02 13:02:57 INFO  BaseTest - Ending of setup method
2026-02-02 13:02:57 INFO  Listeners - Test Started  : A_testSearchEmployee
2026-02-02 13:02:57 INFO  BaseTest - Starting of testSearchEmployee method
2026-02-02 13:02:59 INFO  BasePage - Starting of clickOnSelectCity method
2026-02-02 13:02:59 INFO  BasePage - Starting of click method
2026-02-02 13:02:59 INFO  BasePage - Ending of click method
2026-02-02 13:02:59 INFO  BasePage - Ending of clickOnSelectCity method
2026-02-02 13:02:59 INFO  BasePage - Starting of clickOnHyderabad method
2026-02-02 13:02:59 INFO  BasePage - Starting of click method
2026-02-02 13:02:59 INFO  BasePage - Ending of click method
2026-02-02 13:02:59 INFO  BasePage - Ending of clickOnHyderabad method
2026-02-02 13:02:59 INFO  BasePage - Starting of clickOnQaAutomation method
2026-02-02 13:02:59 INFO  BasePage - Starting of click method
2026-02-02 13:03:00 INFO  BasePage - Ending of click method
2026-02-02 13:03:00 INFO  BasePage - Ending of clickOnQaAutomation method
2026-02-02 13:03:00 INFO  BasePage - Starting of clickOnIndia method
2026-02-02 13:03:00 INFO  BasePage - Starting of click method
2026-02-02 13:03:00 INFO  BasePage - Ending of click method
2026-02-02 13:03:00 INFO  BasePage - Ending of clickOnIndia method
2026-02-02 13:03:00 INFO  BaseTest - Ending of testVaildEmployeeDetails method
2026-02-02 13:03:00 INFO  Listeners - Test PassedA_testVaildEmployeeDetails
]]></system-out>
    <system-err><![CDATA[Feb 02, 2026 1:02:52 PM org.openqa.selenium.devtools.CdpVersionFinder findNearestMatch
WARNING: Unable to find an exact match for CDP version 144, returning the closest version; found: 142; Please update to a Selenium version that supports CDP version 144
]]></system-err>
  </testcase>
  <testcase name="A_testSearchEmployee" classname="com.jalaAcademy.automation.SearchEmployeeTest" time="7.691">
    <system-out><![CDATA[2026-02-02 13:03:00 INFO  BasePage - Starting of clickOnSearch method
2026-02-02 13:03:00 INFO  BasePage - Starting of click method
2026-02-02 13:03:01 INFO  BasePage - Ending of click method
2026-02-02 13:03:01 INFO  BasePage - Ending of clickOnSearch method
2026-02-02 13:03:01 INFO  BasePage - Starting of enterEmployeeName method
2026-02-02 13:03:01 INFO  BasePage - Starting of sendKeys method
2026-02-02 13:03:01 INFO  BasePage - Ending of sendKeys method
2026-02-02 13:03:01 INFO  BasePage - Ending of enterEmployeeName method
2026-02-02 13:03:01 INFO  BasePage - Starting of enterPassword method
2026-02-02 13:03:01 INFO  BasePage - Starting of sendKeys method
2026-02-02 13:03:01 INFO  BasePage - Ending of sendKeys method
2026-02-02 13:03:01 INFO  BasePage - Ending of enterPassword method
2026-02-02 13:03:01 INFO  BasePage - Starting of clickOnSearch1 method
2026-02-02 13:03:01 INFO  BasePage - Starting of click method
2026-02-02 13:03:01 INFO  BasePage - Ending of click method
2026-02-02 13:03:01 INFO  BasePage - Ending of setup method
2026-02-02 13:03:02 INFO  BaseTest - Starting of setup method
2026-02-02 13:03:04 INFO  BaseTest - Ending of testSearchEmployee method
2026-02-02 13:03:04 INFO  Listeners - Test PassedA_testSearchEmployee
]]></system-out>
  </testcase>
  <testcase name="A_testSearchEmployee" classname="com.jalaAcademy.automation.SearchEmployeeTest" time="1.488">
    <system-out><![CDATA[2026-02-02 13:03:21 INFO  BaseTest - Starting of setup method
2026-02-02 13:03:22 INFO  BaseTest - Ending of testSearchEmployee method
2026-02-02 13:03:22 INFO  Listeners - Test PassedA_testSearchEmployee
]]></system-out>
  </testcase>
  <testcase name="A_testMenu" classname="com.jalaAcademy.automation.MenuTest" time="0.184">
    <system-out><![CDATA[2026-02-02 13:03:05 INFO  BaseTest - Starting of setup method
2026-02-02 13:03:06 INFO  BasePage - Starting of MenuPage constructor
2026-02-02 13:03:06 INFO  BasePage - Ending of MenuPage constructor
2026-02-02 13:03:06 INFO  BasePage - Starting of HomePage constructor
2026-02-02 13:03:06 INFO  BasePage - Ending of HomePage constructor
2026-02-02 13:03:06 INFO  BasePage - Starting of LoginPage constructor
2026-02-02 13:03:06 INFO  BasePage - Ending of LoginPage constructor
2026-02-02 13:03:07 INFO  BasePage - Starting of enterEmail method
2026-02-02 13:03:07 INFO  BasePage - Starting of sendKeys method
2026-02-02 13:03:08 INFO  BasePage - Ending of sendKeys method
2026-02-02 13:03:08 INFO  BasePage - Ending of enterEmail method
2026-02-02 13:03:08 INFO  BasePage - Starting of enterPassword method
2026-02-02 13:03:08 INFO  BasePage - Starting of sendKeys method
2026-02-02 13:03:08 INFO  BasePage - Ending of sendKeys method
2026-02-02 13:03:08 INFO  BasePage - Ending of enterPassword method
2026-02-02 13:03:08 INFO  BasePage - Starting of clickOnRememberMe method
2026-02-02 13:03:08 INFO  BasePage - Starting of click method
2026-02-02 13:03:08 INFO  BasePage - Ending of click method
2026-02-02 13:03:08 INFO  BasePage - Ending of clickOnRememberMe method
2026-02-02 13:03:08 INFO  BasePage - Starting of clickOnLoginButton method
2026-02-02 13:03:08 INFO  BasePage - Starting of click method
2026-02-02 13:03:08 INFO  BasePage - Ending of click method
2026-02-02 13:03:08 INFO  BasePage - Ending of clickOnLoginButton method
2026-02-02 13:03:08 INFO  BasePage - Starting of clickOnMoreButton method
2026-02-02 13:03:09 INFO  BasePage - Ending of clickOnMoreButton method
2026-02-02 13:03:10 INFO  BasePage - Starting of LoginPage constructor
2026-02-02 13:03:10 INFO  BasePage - Ending of LoginPage constructor
2026-02-02 13:03:10 INFO  BasePage - Starting of EmployeeDetails constructor
2026-02-02 13:03:10 INFO  BasePage - Ending of EmployeeDetails constructor
2026-02-02 13:03:10 INFO  BasePage - Starting of SearchEmployee method
2026-02-02 13:03:10 INFO  BasePage - Ending of SearchEmployee method
2026-02-02 13:03:12 INFO  BasePage - Starting of clickOnMenuButton method
2026-02-02 13:03:12 INFO  BasePage - Starting of click method
2026-02-02 13:03:12 INFO  BasePage - Starting of enterEmail method
2026-02-02 13:03:12 INFO  BasePage - Starting of sendKeys method
2026-02-02 13:03:12 INFO  BasePage - Ending of sendKeys method
2026-02-02 13:03:12 INFO  BasePage - Ending of enterEmail method
2026-02-02 13:03:12 INFO  BasePage - Starting of enterPassword method
2026-02-02 13:03:12 INFO  BasePage - Starting of sendKeys method
2026-02-02 13:03:12 INFO  BasePage - Ending of click method
2026-02-02 13:03:12 INFO  BasePage - Ending of clickOnMenuButton method
2026-02-02 13:03:12 INFO  BaseTest - Ending of setup method
2026-02-02 13:03:12 INFO  Listeners - Test Started  : A_testMenu
2026-02-02 13:03:12 INFO  BaseTest - Starting of testMenu method
2026-02-02 13:03:12 INFO  BasePage - Starting of clickOnSubMenuButton method
2026-02-02 13:03:12 INFO  BasePage - Starting of click method
2026-02-02 13:03:12 INFO  BasePage - Ending of sendKeys method
2026-02-02 13:03:12 INFO  BasePage - Ending of enterPassword method
2026-02-02 13:03:12 INFO  BasePage - Starting of clickOnRememberMe method
2026-02-02 13:03:12 INFO  BasePage - Starting of click method
2026-02-02 13:03:13 INFO  BasePage - Ending of click method
2026-02-02 13:03:13 INFO  BasePage - Ending of clickOnRememberMe method
2026-02-02 13:03:13 INFO  BasePage - Starting of clickOnLoginButton method
2026-02-02 13:03:13 INFO  BasePage - Starting of click method
2026-02-02 13:03:13 INFO  BasePage - Ending of click method
2026-02-02 13:03:13 INFO  BasePage - Ending of clickOnSubMenuButton method
2026-02-02 13:03:13 INFO  BaseTest - Ending of testMenu method
2026-02-02 13:03:13 INFO  Listeners - Test PassedA_testMenu
]]></system-out>
    <system-err><![CDATA[Feb 02, 2026 1:03:06 PM org.openqa.selenium.devtools.CdpVersionFinder findNearestMatch
WARNING: Unable to find an exact match for CDP version 144, returning the closest version; found: 142; Please update to a Selenium version that supports CDP version 144
]]></system-err>
  </testcase>
  <testcase name="A_testMenu" classname="com.jalaAcademy.automation.MenuTest" time="0.125">
    <system-out><![CDATA[2026-02-02 13:03:31 INFO  BasePage - Starting of enterEmail method
2026-02-02 13:03:31 INFO  BasePage - Starting of sendKeys method
2026-02-02 13:03:32 INFO  BasePage - Ending of sendKeys method
2026-02-02 13:03:32 INFO  BasePage - Ending of enterEmail method
2026-02-02 13:03:32 INFO  BasePage - Starting of enterPassword method
2026-02-02 13:03:32 INFO  BasePage - Starting of sendKeys method
2026-02-02 13:03:32 INFO  BasePage - Ending of sendKeys method
2026-02-02 13:03:32 INFO  BasePage - Ending of enterPassword method
2026-02-02 13:03:32 INFO  BasePage - Starting of clickOnRememberMe method
2026-02-02 13:03:32 INFO  BasePage - Starting of click method
2026-02-02 13:03:32 INFO  BasePage - Ending of click method
2026-02-02 13:03:32 INFO  BasePage - Ending of clickOnRememberMe method
2026-02-02 13:03:32 INFO  BasePage - Starting of clickOnLoginButton method
2026-02-02 13:03:32 INFO  BasePage - Starting of click method
2026-02-02 13:03:32 INFO  BasePage - Ending of click method
2026-02-02 13:03:32 INFO  BasePage - Ending of clickOnLoginButton method
2026-02-02 13:03:32 INFO  BasePage - Starting of clickOnMoreButton method
2026-02-02 13:03:32 INFO  BasePage - Ending of clickOnMoreButton method
2026-02-02 13:03:36 INFO  BasePage - Starting of clickOnMenuButton method
2026-02-02 13:03:36 INFO  BasePage - Starting of click method
2026-02-02 13:03:36 INFO  BasePage - Ending of click method
2026-02-02 13:03:36 INFO  BasePage - Ending of clickOnMenuButton method
2026-02-02 13:03:36 INFO  BaseTest - Ending of setup method
2026-02-02 13:03:36 INFO  Listeners - Test Started  : A_testMenu
2026-02-02 13:03:36 INFO  BaseTest - Starting of testMenu method
2026-02-02 13:03:36 INFO  BasePage - Starting of clickOnSubMenuButton method
2026-02-02 13:03:36 INFO  BasePage - Starting of click method
2026-02-02 13:03:36 INFO  BasePage - Ending of click method
2026-02-02 13:03:36 INFO  BasePage - Ending of clickOnSubMenuButton method
2026-02-02 13:03:36 INFO  BaseTest - Ending of testMenu method
2026-02-02 13:03:36 INFO  Listeners - Test PassedA_testMenu
]]></system-out>
  </testcase>
  <testcase name="A_testIframe" classname="com.jalaAcademy.automation.IframeTest" time="0.2">
    <system-out><![CDATA[2026-02-02 13:03:13 INFO  BasePage - Ending of click method
2026-02-02 13:03:13 INFO  BasePage - Ending of clickOnLoginButton method
2026-02-02 13:03:13 INFO  BasePage - Starting of clickOnEmployeeButton method
2026-02-02 13:03:13 INFO  BaseTest - Starting of setup method
2026-02-02 13:03:14 INFO  BasePage - Starting of IframePage constructor
2026-02-02 13:03:14 INFO  BasePage - Ending of IframePage constructor
2026-02-02 13:03:14 INFO  BasePage - Starting of HomePage constructor
2026-02-02 13:03:14 INFO  BasePage - Ending of HomePage constructor
2026-02-02 13:03:14 INFO  BasePage - Starting of LoginPage constructor
2026-02-02 13:03:14 INFO  BasePage - Ending of LoginPage constructor
2026-02-02 13:03:15 INFO  BasePage - Starting of click method
2026-02-02 13:03:15 INFO  BasePage - Ending of click method
2026-02-02 13:03:15 INFO  BasePage - Ending of clickOnEmployeeButton method
2026-02-02 13:03:15 INFO  BaseTest - Ending of setup method
2026-02-02 13:03:15 INFO  Listeners - Test Started  : A_testSearchEmployee
2026-02-02 13:03:15 INFO  BaseTest - Starting of testSearchEmployee method
2026-02-02 13:03:15 INFO  BasePage - Starting of enterEmail method
2026-02-02 13:03:15 INFO  BasePage - Starting of sendKeys method
2026-02-02 13:03:15 INFO  BasePage - Ending of sendKeys method
2026-02-02 13:03:15 INFO  BasePage - Ending of enterEmail method
2026-02-02 13:03:15 INFO  BasePage - Starting of enterPassword method
2026-02-02 13:03:15 INFO  BasePage - Starting of sendKeys method
2026-02-02 13:03:15 INFO  BasePage - Ending of sendKeys method
2026-02-02 13:03:15 INFO  BasePage - Ending of enterPassword method
2026-02-02 13:03:15 INFO  BasePage - Starting of clickOnRememberMe method
2026-02-02 13:03:15 INFO  BasePage - Starting of click method
2026-02-02 13:03:16 INFO  BasePage - Ending of click method
2026-02-02 13:03:16 INFO  BasePage - Ending of clickOnRememberMe method
2026-02-02 13:03:16 INFO  BasePage - Starting of clickOnLoginButton method
2026-02-02 13:03:16 INFO  BasePage - Starting of click method
2026-02-02 13:03:16 INFO  BasePage - Ending of click method
2026-02-02 13:03:16 INFO  BasePage - Ending of clickOnLoginButton method
2026-02-02 13:03:16 INFO  BasePage - Starting of clickOnMoreButton method
2026-02-02 13:03:16 INFO  BasePage - Ending of clickOnMoreButton method
2026-02-02 13:03:18 INFO  BasePage - Starting of clickOnSearch method
2026-02-02 13:03:18 INFO  BasePage - Starting of click method
2026-02-02 13:03:19 INFO  BasePage - Ending of click method
2026-02-02 13:03:19 INFO  BasePage - Ending of clickOnSearch method
2026-02-02 13:03:19 INFO  BasePage - Starting of enterEmployeeName method
2026-02-02 13:03:19 INFO  BasePage - Starting of sendKeys method
2026-02-02 13:03:19 INFO  BasePage - Ending of sendKeys method
2026-02-02 13:03:19 INFO  BasePage - Ending of enterEmployeeName method
2026-02-02 13:03:19 INFO  BasePage - Starting of enterPassword method
2026-02-02 13:03:19 INFO  BasePage - Starting of sendKeys method
2026-02-02 13:03:19 INFO  BasePage - Ending of sendKeys method
2026-02-02 13:03:19 INFO  BasePage - Ending of enterPassword method
2026-02-02 13:03:19 INFO  BasePage - Starting of clickOnSearch1 method
2026-02-02 13:03:19 INFO  BasePage - Starting of click method
2026-02-02 13:03:19 INFO  BasePage - Ending of click method
2026-02-02 13:03:19 INFO  BasePage - Ending of setup method
2026-02-02 13:03:19 INFO  BasePage - Starting of clickOnMenuButton method
2026-02-02 13:03:19 INFO  BasePage - Starting of click method
2026-02-02 13:03:20 INFO  BasePage - Ending of click method
2026-02-02 13:03:20 INFO  BasePage - Ending of clickOnMenuButton method
2026-02-02 13:03:20 INFO  BasePage - Starting of clickOnIframeButton method
2026-02-02 13:03:20 INFO  BasePage - Starting of click method
2026-02-02 13:03:21 INFO  BasePage - Ending of click method
2026-02-02 13:03:21 INFO  BasePage - Ending of clickOnIframeButton method
2026-02-02 13:03:21 INFO  BaseTest - Ending of setup method
2026-02-02 13:03:21 INFO  Listeners - Test Started  : A_testIframe
2026-02-02 13:03:21 INFO  BaseTest - Starting of testIframe method
2026-02-02 13:03:21 INFO  BasePage - Starting of getFrameOneText method
2026-02-02 13:03:21 INFO  BasePage - Ending of getFrameOneText method
2026-02-02 13:03:21 INFO  BasePage - Starting of getText method
2026-02-02 13:03:21 INFO  BasePage - Ending of getText method
2026-02-02 13:03:21 INFO  BasePage - Starting of getFrameTwoText method
2026-02-02 13:03:21 INFO  BasePage - Ending of getFrameTwoText method
2026-02-02 13:03:21 INFO  BasePage - Starting of getText method
2026-02-02 13:03:21 INFO  BasePage - Ending of getText method
2026-02-02 13:03:21 INFO  BasePage - Starting of getWelcomeToJalaAcademyText method
2026-02-02 13:03:21 INFO  BasePage - Ending of getWelcomeToJalaAcademyText method
2026-02-02 13:03:21 INFO  BasePage - Starting of getText method
2026-02-02 13:03:21 INFO  BasePage - Ending of getText method
2026-02-02 13:03:21 INFO  BaseTest - Ending of testIframe method
2026-02-02 13:03:21 INFO  Listeners - Test PassedA_testIframe
]]></system-out>
    <system-err><![CDATA[Feb 02, 2026 1:03:14 PM org.openqa.selenium.devtools.CdpVersionFinder findNearestMatch
WARNING: Unable to find an exact match for CDP version 144, returning the closest version; found: 142; Please update to a Selenium version that supports CDP version 144
]]></system-err>
  </testcase>
  <testcase name="A_testIframe" classname="com.jalaAcademy.automation.IframeTest" time="0.158">
    <system-out><![CDATA[2026-02-02 13:03:37 INFO  BaseTest - Starting of setup method
2026-02-02 13:03:41 INFO  BasePage - Starting of IframePage constructor
2026-02-02 13:03:41 INFO  BasePage - Ending of IframePage constructor
2026-02-02 13:03:41 INFO  BasePage - Starting of HomePage constructor
2026-02-02 13:03:41 INFO  BasePage - Ending of HomePage constructor
2026-02-02 13:03:41 INFO  BasePage - Starting of LoginPage constructor
2026-02-02 13:03:41 INFO  BasePage - Ending of LoginPage constructor
2026-02-02 13:03:42 INFO  BasePage - Starting of enterEmail method
2026-02-02 13:03:42 INFO  BasePage - Starting of sendKeys method
2026-02-02 13:03:42 INFO  BasePage - Ending of sendKeys method
2026-02-02 13:03:42 INFO  BasePage - Ending of enterEmail method
2026-02-02 13:03:42 INFO  BasePage - Starting of enterPassword method
2026-02-02 13:03:42 INFO  BasePage - Starting of sendKeys method
2026-02-02 13:03:42 INFO  BasePage - Ending of sendKeys method
2026-02-02 13:03:42 INFO  BasePage - Ending of enterPassword method
2026-02-02 13:03:42 INFO  BasePage - Starting of clickOnRememberMe method
2026-02-02 13:03:42 INFO  BasePage - Starting of click method
2026-02-02 13:03:42 INFO  BasePage - Ending of click method
2026-02-02 13:03:42 INFO  BasePage - Ending of clickOnRememberMe method
2026-02-02 13:03:42 INFO  BasePage - Starting of clickOnLoginButton method
2026-02-02 13:03:42 INFO  BasePage - Starting of click method
2026-02-02 13:03:42 INFO  BasePage - Ending of click method
2026-02-02 13:03:42 INFO  BasePage - Ending of clickOnLoginButton method
2026-02-02 13:03:42 INFO  BasePage - Starting of clickOnMoreButton method
2026-02-02 13:03:43 INFO  BasePage - Ending of clickOnMoreButton method
2026-02-02 13:03:46 INFO  BasePage - Starting of clickOnMenuButton method
2026-02-02 13:03:46 INFO  BasePage - Starting of click method
2026-02-02 13:03:47 INFO  BasePage - Ending of click method
2026-02-02 13:03:47 INFO  BasePage - Ending of clickOnMenuButton method
2026-02-02 13:03:47 INFO  BasePage - Starting of clickOnIframeButton method
2026-02-02 13:03:47 INFO  BasePage - Starting of click method
2026-02-02 13:03:47 INFO  BasePage - Ending of click method
2026-02-02 13:03:47 INFO  BasePage - Ending of clickOnIframeButton method
2026-02-02 13:03:47 INFO  BaseTest - Ending of setup method
2026-02-02 13:03:47 INFO  Listeners - Test Started  : A_testIframe
2026-02-02 13:03:47 INFO  BaseTest - Starting of testIframe method
2026-02-02 13:03:47 INFO  BasePage - Starting of getFrameOneText method
2026-02-02 13:03:47 INFO  BasePage - Ending of getFrameOneText method
2026-02-02 13:03:47 INFO  BasePage - Starting of getText method
2026-02-02 13:03:47 INFO  BasePage - Ending of getText method
2026-02-02 13:03:47 INFO  BasePage - Starting of getFrameTwoText method
2026-02-02 13:03:47 INFO  BasePage - Ending of getFrameTwoText method
2026-02-02 13:03:47 INFO  BasePage - Starting of getText method
2026-02-02 13:03:47 INFO  BasePage - Ending of getText method
2026-02-02 13:03:47 INFO  BasePage - Starting of getWelcomeToJalaAcademyText method
2026-02-02 13:03:47 INFO  BasePage - Ending of getWelcomeToJalaAcademyText method
2026-02-02 13:03:47 INFO  BasePage - Starting of getText method
2026-02-02 13:03:47 INFO  BasePage - Ending of getText method
2026-02-02 13:03:47 INFO  BaseTest - Ending of testIframe method
2026-02-02 13:03:47 INFO  Listeners - Test PassedA_testIframe
]]></system-out>
  </testcase>
  <testcase name="A_testUploadImages" classname="com.jalaAcademy.automation.ImagesTest" time="2.413">
    <system-out><![CDATA[2026-02-02 13:03:22 INFO  BasePage - Starting of ImagesPage constructor
2026-02-02 13:03:22 INFO  BasePage - Ending of ImagesPage constructor
2026-02-02 13:03:22 INFO  BasePage - Starting of HomePage constructor
2026-02-02 13:03:22 INFO  BasePage - Ending of HomePage constructor
2026-02-02 13:03:22 INFO  BasePage - Starting of LoginPage constructor
2026-02-02 13:03:22 INFO  BasePage - Ending of LoginPage constructor
2026-02-02 13:03:23 INFO  BasePage - Starting of enterEmail method
2026-02-02 13:03:23 INFO  BasePage - Starting of sendKeys method
2026-02-02 13:03:24 INFO  BasePage - Ending of sendKeys method
2026-02-02 13:03:24 INFO  BasePage - Ending of enterEmail method
2026-02-02 13:03:24 INFO  BasePage - Starting of enterPassword method
2026-02-02 13:03:24 INFO  BasePage - Starting of sendKeys method
2026-02-02 13:03:24 INFO  BasePage - Ending of sendKeys method
2026-02-02 13:03:24 INFO  BasePage - Ending of enterPassword method
2026-02-02 13:03:24 INFO  BasePage - Starting of clickOnRememberMe method
2026-02-02 13:03:24 INFO  BasePage - Starting of click method
2026-02-02 13:03:24 INFO  BasePage - Ending of click method
2026-02-02 13:03:24 INFO  BasePage - Ending of clickOnRememberMe method
2026-02-02 13:03:24 INFO  BasePage - Starting of clickOnLoginButton method
2026-02-02 13:03:24 INFO  BasePage - Starting of click method
2026-02-02 13:03:24 INFO  BaseTest - Starting of setup method
2026-02-02 13:03:24 INFO  BasePage - Ending of click method
2026-02-02 13:03:24 INFO  BasePage - Ending of clickOnLoginButton method
2026-02-02 13:03:24 INFO  BasePage - Starting of clickOnMoreButton method
2026-02-02 13:03:25 INFO  BasePage - Ending of clickOnMoreButton method
2026-02-02 13:03:28 INFO  BasePage - Starting of clickOnImageButton method
2026-02-02 13:03:28 INFO  BasePage - Starting of click method
2026-02-02 13:03:28 INFO  BasePage - Ending of click method
2026-02-02 13:03:28 INFO  BasePage - Ending of clickOnImageButton method
2026-02-02 13:03:28 INFO  BaseTest - Ending of setup method
2026-02-02 13:03:28 INFO  Listeners - Test Started  : A_testUploadImages
2026-02-02 13:03:28 INFO  BaseTest - Starting of testUploadImages method
2026-02-02 13:03:28 INFO  BasePage - Starting of uploadImage method
2026-02-02 13:03:28 INFO  BasePage - Starting of sendKeys method
2026-02-02 13:03:28 INFO  BasePage - Ending of sendKeys method
2026-02-02 13:03:28 INFO  BasePage - Ending of uploadImage method
2026-02-02 13:03:30 INFO  BasePage - Starting of MenuPage constructor
2026-02-02 13:03:30 INFO  BasePage - Ending of MenuPage constructor
2026-02-02 13:03:30 INFO  BasePage - Starting of HomePage constructor
2026-02-02 13:03:30 INFO  BasePage - Ending of HomePage constructor
2026-02-02 13:03:30 INFO  BasePage - Starting of LoginPage constructor
2026-02-02 13:03:30 INFO  BasePage - Ending of LoginPage constructor
2026-02-02 13:03:30 INFO  BasePage - Starting of clickOnUploadButton method
2026-02-02 13:03:30 INFO  BasePage - Starting of click method
2026-02-02 13:03:30 INFO  BasePage - Ending of click method
2026-02-02 13:03:30 INFO  BasePage - Ending of clickOnUploadButton method
2026-02-02 13:03:30 INFO  BasePage - Starting of getImageLabel method
2026-02-02 13:03:30 INFO  BasePage - Ending of getImageLabel method
2026-02-02 13:03:30 INFO  BasePage - Starting of getText method
2026-02-02 13:03:30 INFO  BasePage - Ending of getText method
2026-02-02 13:03:30 INFO  BaseTest - Ending of testUploadImages method
2026-02-02 13:03:30 INFO  Listeners - Test PassedA_testUploadImages
]]></system-out>
    <system-err><![CDATA[Feb 02, 2026 1:03:22 PM org.openqa.selenium.devtools.CdpVersionFinder findNearestMatch
WARNING: Unable to find an exact match for CDP version 144, returning the closest version; found: 142; Please update to a Selenium version that supports CDP version 144
]]></system-err>
  </testcase>
  <testcase name="A_testUploadImages" classname="com.jalaAcademy.automation.ImagesTest" time="2.236">
    <system-out><![CDATA[2026-02-02 13:03:49 INFO  BaseTest - Starting of setup method
2026-02-02 13:03:53 INFO  BasePage - Starting of ImagesPage constructor
2026-02-02 13:03:53 INFO  BasePage - Ending of ImagesPage constructor
2026-02-02 13:03:53 INFO  BasePage - Starting of HomePage constructor
2026-02-02 13:03:53 INFO  BasePage - Ending of HomePage constructor
2026-02-02 13:03:53 INFO  BasePage - Starting of LoginPage constructor
2026-02-02 13:03:53 INFO  BasePage - Ending of LoginPage constructor
2026-02-02 13:03:54 INFO  BasePage - Starting of enterEmail method
2026-02-02 13:03:54 INFO  BasePage - Starting of sendKeys method
2026-02-02 13:03:54 INFO  BasePage - Ending of sendKeys method
2026-02-02 13:03:54 INFO  BasePage - Ending of enterEmail method
2026-02-02 13:03:54 INFO  BasePage - Starting of enterPassword method
2026-02-02 13:03:54 INFO  BasePage - Starting of sendKeys method
2026-02-02 13:03:54 INFO  BasePage - Ending of sendKeys method
2026-02-02 13:03:54 INFO  BasePage - Ending of enterPassword method
2026-02-02 13:03:54 INFO  BasePage - Starting of clickOnRememberMe method
2026-02-02 13:03:54 INFO  BasePage - Starting of click method
2026-02-02 13:03:54 INFO  BasePage - Ending of click method
2026-02-02 13:03:54 INFO  BasePage - Ending of clickOnRememberMe method
2026-02-02 13:03:54 INFO  BasePage - Starting of clickOnLoginButton method
2026-02-02 13:03:54 INFO  BasePage - Starting of click method
2026-02-02 13:03:54 INFO  BasePage - Ending of click method
2026-02-02 13:03:54 INFO  BasePage - Ending of clickOnLoginButton method
2026-02-02 13:03:54 INFO  BasePage - Starting of clickOnMoreButton method
2026-02-02 13:03:54 INFO  BasePage - Ending of clickOnMoreButton method
2026-02-02 13:03:57 INFO  BasePage - Starting of clickOnImageButton method
2026-02-02 13:03:57 INFO  BasePage - Starting of click method
2026-02-02 13:03:58 INFO  BasePage - Ending of click method
2026-02-02 13:03:58 INFO  BasePage - Ending of clickOnImageButton method
2026-02-02 13:03:58 INFO  BaseTest - Ending of setup method
2026-02-02 13:03:58 INFO  Listeners - Test Started  : A_testUploadImages
2026-02-02 13:03:58 INFO  BaseTest - Starting of testUploadImages method
2026-02-02 13:03:58 INFO  BasePage - Starting of uploadImage method
2026-02-02 13:03:58 INFO  BasePage - Starting of sendKeys method
2026-02-02 13:03:58 INFO  BasePage - Ending of sendKeys method
2026-02-02 13:03:58 INFO  BasePage - Ending of uploadImage method
2026-02-02 13:04:00 INFO  BasePage - Starting of clickOnUploadButton method
2026-02-02 13:04:00 INFO  BasePage - Starting of click method
2026-02-02 13:04:00 INFO  BasePage - Ending of click method
2026-02-02 13:04:00 INFO  BasePage - Ending of clickOnUploadButton method
2026-02-02 13:04:00 INFO  BasePage - Starting of getImageLabel method
2026-02-02 13:04:00 INFO  BasePage - Ending of getImageLabel method
2026-02-02 13:04:00 INFO  BasePage - Starting of getText method
2026-02-02 13:04:00 INFO  BasePage - Ending of getText method
2026-02-02 13:04:00 INFO  BaseTest - Ending of testUploadImages method
2026-02-02 13:04:00 INFO  Listeners - Test PassedA_testUploadImages
]]></system-out>
  </testcase>
</testsuite>