<?xml version="1.0" encoding="UTF-8"?>
<testng-results ignored="0" total="18" passed="18" failed="0" skipped="0">
  <reporter-output>
  </reporter-output>
  <suite started-at="2026-02-02T13:11:28 IST" name="Suite" finished-at="2026-02-02T13:13:01 IST" duration-ms="93834">
    <groups>
    </groups>
    <test started-at="2026-02-02T13:11:28 IST" name="Chrome test" finished-at="2026-02-02T13:12:36 IST" duration-ms="67933">
      <class name="com.jalaAcademy.automation.IframeTest">
        <test-method is-config="true" signature="setup(java.lang.String,java.lang.String)[pri:0, instance:com.jalaAcademy.automation.IframeTest@4cc01c7f]" started-at="2026-02-02T13:12:17 IST" name="setup" finished-at="2026-02-02T13:12:25 IST" duration-ms="7694" status="PASS">
          <params>
            <param index="0">
              <value>
                <![CDATA[chrome]]>
              </value>
            </param>
            <param index="1">
              <value>
                <![CDATA[https://magnus.jalatechnologies.com/Account/Login]]>
              </value>
            </param>
          </params>
          <reporter-output>
          </reporter-output>
        </test-method> <!-- setup -->
        <test-method signature="A_testIframe()[pri:0, instance:com.jalaAcademy.automation.IframeTest@4cc01c7f]" started-at="2026-02-02T13:12:25 IST" name="A_testIframe" description="Verify that the application allows switching to iframe and performing actions inside it" finished-at="2026-02-02T13:12:25 IST" duration-ms="135" status="PASS">
          <reporter-output>
          </reporter-output>
        </test-method> <!-- A_testIframe -->
        <test-method is-config="true" signature="quit()[pri:0, instance:com.jalaAcademy.automation.IframeTest@4cc01c7f]" started-at="2026-02-02T13:12:25 IST" name="quit" finished-at="2026-02-02T13:12:25 IST" duration-ms="261" status="PASS">
          <reporter-output>
          </reporter-output>
        </test-method> <!-- quit -->
      </class> <!-- com.jalaAcademy.automation.IframeTest -->
      <class name="com.jalaAcademy.automation.EmployeeDetailsTest">
        <test-method is-config="true" signature="setup(java.lang.String,java.lang.String)[pri:0, instance:com.jalaAcademy.automation.EmployeeDetailsTest@52f6900a]" started-at="2026-02-02T13:11:38 IST" name="setup" finished-at="2026-02-02T13:11:42 IST" duration-ms="3432" status="PASS">
          <params>
            <param index="0">
              <value>
                <![CDATA[chrome]]>
              </value>
            </param>
            <param index="1">
              <value>
                <![CDATA[https://magnus.jalatechnologies.com/Account/Login]]>
              </value>
            </param>
          </params>
          <reporter-output>
          </reporter-output>
        </test-method> <!-- setup -->
        <test-method signature="A_testVaildEmployeeDetails()[pri:0, instance:com.jalaAcademy.automation.EmployeeDetailsTest@52f6900a]" started-at="2026-02-02T13:11:42 IST" name="A_testVaildEmployeeDetails" description="Verify that admin can create a new employee with valid mandatory information" finished-at="2026-02-02T13:11:55 IST" duration-ms="13395" status="PASS">
          <reporter-output>
          </reporter-output>
        </test-method> <!-- A_testVaildEmployeeDetails -->
        <test-method is-config="true" signature="quit()[pri:0, instance:com.jalaAcademy.automation.EmployeeDetailsTest@52f6900a]" started-at="2026-02-02T13:11:55 IST" name="quit" finished-at="2026-02-02T13:11:56 IST" duration-ms="235" status="PASS">
          <reporter-output>
          </reporter-output>
        </test-method> <!-- quit -->
      </class> <!-- com.jalaAcademy.automation.EmployeeDetailsTest -->
      <class name="com.jalaAcademy.automation.MenuTest">
        <test-method is-config="true" signature="setup(java.lang.String,java.lang.String)[pri:0, instance:com.jalaAcademy.automation.MenuTest@2b80e5a9]" started-at="2026-02-02T13:12:09 IST" name="setup" finished-at="2026-02-02T13:12:17 IST" duration-ms="7551" status="PASS">
          <params>
            <param index="0">
              <value>
                <![CDATA[chrome]]>
              </value>
            </param>
            <param index="1">
              <value>
                <![CDATA[https://magnus.jalatechnologies.com/Account/Login]]>
              </value>
            </param>
          </params>
          <reporter-output>
          </reporter-output>
        </test-method> <!-- setup -->
        <test-method signature="A_testMenu()[pri:0, instance:com.jalaAcademy.automation.MenuTest@2b80e5a9]" started-at="2026-02-02T13:12:17 IST" name="A_testMenu" description="Verify that all menu items redirect to the correct modules" finished-at="2026-02-02T13:12:17 IST" duration-ms="169" status="PASS">
          <reporter-output>
          </reporter-output>
        </test-method> <!-- A_testMenu -->
        <test-method is-config="true" signature="quit()[pri:0, instance:com.jalaAcademy.automation.MenuTest@2b80e5a9]" started-at="2026-02-02T13:12:17 IST" name="quit" finished-at="2026-02-02T13:12:17 IST" duration-ms="254" status="PASS">
          <reporter-output>
          </reporter-output>
        </test-method> <!-- quit -->
      </class> <!-- com.jalaAcademy.automation.MenuTest -->
      <class name="com.jalaAcademy.automation.SearchEmployeeTest">
        <test-method is-config="true" signature="setup(java.lang.String,java.lang.String)[pri:0, instance:com.jalaAcademy.automation.SearchEmployeeTest@7bbcf6f0]" started-at="2026-02-02T13:11:56 IST" name="setup" finished-at="2026-02-02T13:12:01 IST" duration-ms="5857" status="PASS">
          <params>
            <param index="0">
              <value>
                <![CDATA[chrome]]>
              </value>
            </param>
            <param index="1">
              <value>
                <![CDATA[https://magnus.jalatechnologies.com/Account/Login]]>
              </value>
            </param>
          </params>
          <reporter-output>
          </reporter-output>
        </test-method> <!-- setup -->
        <test-method signature="A_testSearchEmployee()[pri:0, instance:com.jalaAcademy.automation.SearchEmployeeTest@7bbcf6f0]" started-at="2026-02-02T13:12:01 IST" name="A_testSearchEmployee" description="Verify that the search employee feature returns accurate results based on search input" finished-at="2026-02-02T13:12:09 IST" duration-ms="7643" status="PASS">
          <reporter-output>
          </reporter-output>
        </test-method> <!-- A_testSearchEmployee -->
        <test-method is-config="true" signature="quit()[pri:0, instance:com.jalaAcademy.automation.SearchEmployeeTest@7bbcf6f0]" started-at="2026-02-02T13:12:09 IST" name="quit" finished-at="2026-02-02T13:12:09 IST" duration-ms="290" status="PASS">
          <reporter-output>
          </reporter-output>
        </test-method> <!-- quit -->
      </class> <!-- com.jalaAcademy.automation.SearchEmployeeTest -->
      <class name="com.jalaAcademy.automation.ImagesTest">
        <test-method is-config="true" signature="setup(java.lang.String,java.lang.String)[pri:0, instance:com.jalaAcademy.automation.ImagesTest@2a50b32d]" started-at="2026-02-02T13:12:25 IST" name="setup" finished-at="2026-02-02T13:12:33 IST" duration-ms="7529" status="PASS">
          <params>
            <param index="0">
              <value>
                <![CDATA[chrome]]>
              </value>
            </param>
            <param index="1">
              <value>
                <![CDATA[https://magnus.jalatechnologies.com/Account/Login]]>
              </value>
            </param>
          </params>
          <reporter-output>
          </reporter-output>
        </test-method> <!-- setup -->
        <test-method signature="A_testUploadImages()[pri:0, instance:com.jalaAcademy.automation.ImagesTest@2a50b32d]" started-at="2026-02-02T13:12:33 IST" name="A_testUploadImages" description="Verify that the application allows switching to iframe and performing actions inside it" finished-at="2026-02-02T13:12:35 IST" duration-ms="2399" status="PASS">
          <reporter-output>
          </reporter-output>
        </test-method> <!-- A_testUploadImages -->
        <test-method is-config="true" signature="quit()[pri:0, instance:com.jalaAcademy.automation.ImagesTest@2a50b32d]" started-at="2026-02-02T13:12:35 IST" name="quit" finished-at="2026-02-02T13:12:36 IST" duration-ms="219" status="PASS">
          <reporter-output>
          </reporter-output>
        </test-method> <!-- quit -->
      </class> <!-- com.jalaAcademy.automation.ImagesTest -->
      <class name="com.jalaAcademy.automation.LoginTest">
        <test-method is-config="true" signature="setup(java.lang.String,java.lang.String)[pri:0, instance:com.jalaAcademy.automation.LoginTest@5bde57ab]" started-at="2026-02-02T13:11:28 IST" name="setup" finished-at="2026-02-02T13:11:34 IST" duration-ms="5994" status="PASS">
          <params>
            <param index="0">
              <value>
                <![CDATA[chrome]]>
              </value>
            </param>
            <param index="1">
              <value>
                <![CDATA[https://magnus.jalatechnologies.com/Account/Login]]>
              </value>
            </param>
          </params>
          <reporter-output>
          </reporter-output>
        </test-method> <!-- setup -->
        <test-method signature="A_TestInvaildLogin()[pri:0, instance:com.jalaAcademy.automation.LoginTest@5bde57ab]" started-at="2026-02-02T13:11:34 IST" name="A_TestInvaildLogin" description="Verify that the user can log in with vaild UserName and Invalid Password" finished-at="2026-02-02T13:11:35 IST" duration-ms="893" status="PASS">
          <reporter-output>
          </reporter-output>
        </test-method> <!-- A_TestInvaildLogin -->
        <test-method signature="B_TestInvaildLogin2()[pri:0, instance:com.jalaAcademy.automation.LoginTest@5bde57ab]" started-at="2026-02-02T13:11:35 IST" name="B_TestInvaildLogin2" description="Verify that the user can log in with Invalid UserName and Password" finished-at="2026-02-02T13:11:36 IST" duration-ms="1264" status="PASS">
          <reporter-output>
          </reporter-output>
        </test-method> <!-- B_TestInvaildLogin2 -->
        <test-method signature="C_TestInvaildLogin3()[pri:0, instance:com.jalaAcademy.automation.LoginTest@5bde57ab]" started-at="2026-02-02T13:11:36 IST" name="C_TestInvaildLogin3" description="Verify that the user can log in without credentials" finished-at="2026-02-02T13:11:37 IST" duration-ms="802" status="PASS">
          <reporter-output>
          </reporter-output>
        </test-method> <!-- C_TestInvaildLogin3 -->
        <test-method signature="D_testVaildLogin4()[pri:0, instance:com.jalaAcademy.automation.LoginTest@5bde57ab]" started-at="2026-02-02T13:11:37 IST" name="D_testVaildLogin4" description="Verify that the user can log in with valid credentials" finished-at="2026-02-02T13:11:38 IST" duration-ms="1023" status="PASS">
          <reporter-output>
          </reporter-output>
        </test-method> <!-- D_testVaildLogin4 -->
        <test-method is-config="true" signature="quit()[pri:0, instance:com.jalaAcademy.automation.LoginTest@5bde57ab]" started-at="2026-02-02T13:11:38 IST" name="quit" finished-at="2026-02-02T13:11:38 IST" duration-ms="462" status="PASS">
          <reporter-output>
          </reporter-output>
        </test-method> <!-- quit -->
      </class> <!-- com.jalaAcademy.automation.LoginTest -->
    </test> <!-- Chrome test -->
    <test started-at="2026-02-02T13:11:28 IST" name="Firefox" finished-at="2026-02-02T13:13:01 IST" duration-ms="93834">
      <class name="com.jalaAcademy.automation.IframeTest">
        <test-method is-config="true" signature="setup(java.lang.String,java.lang.String)[pri:0, instance:com.jalaAcademy.automation.IframeTest@415d88de]" started-at="2026-02-02T13:12:37 IST" name="setup" finished-at="2026-02-02T13:12:47 IST" duration-ms="10114" status="PASS">
          <params>
            <param index="0">
              <value>
                <![CDATA[firefox]]>
              </value>
            </param>
            <param index="1">
              <value>
                <![CDATA[https://magnus.jalatechnologies.com/Account/Login]]>
              </value>
            </param>
          </params>
          <reporter-output>
          </reporter-output>
        </test-method> <!-- setup -->
        <test-method signature="A_testIframe()[pri:0, instance:com.jalaAcademy.automation.IframeTest@415d88de]" started-at="2026-02-02T13:12:47 IST" name="A_testIframe" description="Verify that the application allows switching to iframe and performing actions inside it" finished-at="2026-02-02T13:12:47 IST" duration-ms="119" status="PASS">
          <reporter-output>
          </reporter-output>
        </test-method> <!-- A_testIframe -->
        <test-method is-config="true" signature="quit()[pri:0, instance:com.jalaAcademy.automation.IframeTest@415d88de]" started-at="2026-02-02T13:12:47 IST" name="quit" finished-at="2026-02-02T13:12:48 IST" duration-ms="1308" status="PASS">
          <reporter-output>
          </reporter-output>
        </test-method> <!-- quit -->
      </class> <!-- com.jalaAcademy.automation.IframeTest -->
      <class name="com.jalaAcademy.automation.EmployeeDetailsTest">
        <test-method is-config="true" signature="setup(java.lang.String,java.lang.String)[pri:0, instance:com.jalaAcademy.automation.EmployeeDetailsTest@5a622fe8]" started-at="2026-02-02T13:11:41 IST" name="setup" finished-at="2026-02-02T13:11:48 IST" duration-ms="7262" status="PASS">
          <params>
            <param index="0">
              <value>
                <![CDATA[firefox]]>
              </value>
            </param>
            <param index="1">
              <value>
                <![CDATA[https://magnus.jalatechnologies.com/Account/Login]]>
              </value>
            </param>
          </params>
          <reporter-output>
          </reporter-output>
        </test-method> <!-- setup -->
        <test-method signature="A_testVaildEmployeeDetails()[pri:0, instance:com.jalaAcademy.automation.EmployeeDetailsTest@5a622fe8]" started-at="2026-02-02T13:11:48 IST" name="A_testVaildEmployeeDetails" description="Verify that admin can create a new employee with valid mandatory information" finished-at="2026-02-02T13:12:01 IST" duration-ms="12129" status="PASS">
          <reporter-output>
          </reporter-output>
        </test-method> <!-- A_testVaildEmployeeDetails -->
        <test-method is-config="true" signature="quit()[pri:0, instance:com.jalaAcademy.automation.EmployeeDetailsTest@5a622fe8]" started-at="2026-02-02T13:12:01 IST" name="quit" finished-at="2026-02-02T13:12:03 IST" duration-ms="2079" status="PASS">
          <reporter-output>
          </reporter-output>
        </test-method> <!-- quit -->
      </class> <!-- com.jalaAcademy.automation.EmployeeDetailsTest -->
      <class name="com.jalaAcademy.automation.MenuTest">
        <test-method is-config="true" signature="setup(java.lang.String,java.lang.String)[pri:0, instance:com.jalaAcademy.automation.MenuTest@124d26ba]" started-at="2026-02-02T13:12:22 IST" name="setup" finished-at="2026-02-02T13:12:35 IST" duration-ms="12916" status="PASS">
          <params>
            <param index="0">
              <value>
                <![CDATA[firefox]]>
              </value>
            </param>
            <param index="1">
              <value>
                <![CDATA[https://magnus.jalatechnologies.com/Account/Login]]>
              </value>
            </param>
          </params>
          <reporter-output>
          </reporter-output>
        </test-method> <!-- setup -->
        <test-method signature="A_testMenu()[pri:0, instance:com.jalaAcademy.automation.MenuTest@124d26ba]" started-at="2026-02-02T13:12:35 IST" name="A_testMenu" description="Verify that all menu items redirect to the correct modules" finished-at="2026-02-02T13:12:35 IST" duration-ms="124" status="PASS">
          <reporter-output>
          </reporter-output>
        </test-method> <!-- A_testMenu -->
        <test-method is-config="true" signature="quit()[pri:0, instance:com.jalaAcademy.automation.MenuTest@124d26ba]" started-at="2026-02-02T13:12:35 IST" name="quit" finished-at="2026-02-02T13:12:37 IST" duration-ms="2189" status="PASS">
          <reporter-output>
          </reporter-output>
        </test-method> <!-- quit -->
      </class> <!-- com.jalaAcademy.automation.MenuTest -->
      <class name="com.jalaAcademy.automation.SearchEmployeeTest">
        <test-method is-config="true" signature="setup(java.lang.String,java.lang.String)[pri:0, instance:com.jalaAcademy.automation.SearchEmployeeTest@58f31629]" started-at="2026-02-02T13:12:03 IST" name="setup" finished-at="2026-02-02T13:12:13 IST" duration-ms="9942" status="PASS">
          <params>
            <param index="0">
              <value>
                <![CDATA[firefox]]>
              </value>
            </param>
            <param index="1">
              <value>
                <![CDATA[https://magnus.jalatechnologies.com/Account/Login]]>
              </value>
            </param>
          </params>
          <reporter-output>
          </reporter-output>
        </test-method> <!-- setup -->
        <test-method signature="A_testSearchEmployee()[pri:0, instance:com.jalaAcademy.automation.SearchEmployeeTest@58f31629]" started-at="2026-02-02T13:12:13 IST" name="A_testSearchEmployee" description="Verify that the search employee feature returns accurate results based on search input" finished-at="2026-02-02T13:12:20 IST" duration-ms="6858" status="PASS">
          <reporter-output>
          </reporter-output>
        </test-method> <!-- A_testSearchEmployee -->
        <test-method is-config="true" signature="quit()[pri:0, instance:com.jalaAcademy.automation.SearchEmployeeTest@58f31629]" started-at="2026-02-02T13:12:20 IST" name="quit" finished-at="2026-02-02T13:12:22 IST" duration-ms="2129" status="PASS">
          <reporter-output>
          </reporter-output>
        </test-method> <!-- quit -->
      </class> <!-- com.jalaAcademy.automation.SearchEmployeeTest -->
      <class name="com.jalaAcademy.automation.ImagesTest">
        <test-method is-config="true" signature="setup(java.lang.String,java.lang.String)[pri:0, instance:com.jalaAcademy.automation.ImagesTest@a0bf272]" started-at="2026-02-02T13:12:48 IST" name="setup" finished-at="2026-02-02T13:12:58 IST" duration-ms="9443" status="PASS">
          <params>
            <param index="0">
              <value>
                <![CDATA[firefox]]>
              </value>
            </param>
            <param index="1">
              <value>
                <![CDATA[https://magnus.jalatechnologies.com/Account/Login]]>
              </value>
            </param>
          </params>
          <reporter-output>
          </reporter-output>
        </test-method> <!-- setup -->
        <test-method signature="A_testUploadImages()[pri:0, instance:com.jalaAcademy.automation.ImagesTest@a0bf272]" started-at="2026-02-02T13:12:58 IST" name="A_testUploadImages" description="Verify that the application allows switching to iframe and performing actions inside it" finished-at="2026-02-02T13:13:00 IST" duration-ms="2241" status="PASS">
          <reporter-output>
          </reporter-output>
        </test-method> <!-- A_testUploadImages -->
        <test-method is-config="true" signature="quit()[pri:0, instance:com.jalaAcademy.automation.ImagesTest@a0bf272]" started-at="2026-02-02T13:13:00 IST" name="quit" finished-at="2026-02-02T13:13:01 IST" duration-ms="1338" status="PASS">
          <reporter-output>
          </reporter-output>
        </test-method> <!-- quit -->
      </class> <!-- com.jalaAcademy.automation.ImagesTest -->
      <class name="com.jalaAcademy.automation.LoginTest">
        <test-method is-config="true" signature="loadPropertyFiles()[pri:0, instance:com.jalaAcademy.automation.LoginTest@1cb9ef52]" started-at="2026-02-02T13:11:28 IST" name="loadPropertyFiles" finished-at="2026-02-02T13:11:28 IST" duration-ms="38" status="PASS">
          <reporter-output>
          </reporter-output>
        </test-method> <!-- loadPropertyFiles -->
        <test-method is-config="true" signature="setup(java.lang.String,java.lang.String)[pri:0, instance:com.jalaAcademy.automation.LoginTest@1cb9ef52]" started-at="2026-02-02T13:11:28 IST" name="setup" finished-at="2026-02-02T13:11:37 IST" duration-ms="8906" status="PASS">
          <params>
            <param index="0">
              <value>
                <![CDATA[firefox]]>
              </value>
            </param>
            <param index="1">
              <value>
                <![CDATA[https://magnus.jalatechnologies.com/Account/Login]]>
              </value>
            </param>
          </params>
          <reporter-output>
          </reporter-output>
        </test-method> <!-- setup -->
        <test-method signature="A_TestInvaildLogin()[pri:0, instance:com.jalaAcademy.automation.LoginTest@1cb9ef52]" started-at="2026-02-02T13:11:37 IST" name="A_TestInvaildLogin" description="Verify that the user can log in with vaild UserName and Invalid Password" finished-at="2026-02-02T13:11:37 IST" duration-ms="765" status="PASS">
          <reporter-output>
          </reporter-output>
        </test-method> <!-- A_TestInvaildLogin -->
        <test-method signature="B_TestInvaildLogin2()[pri:0, instance:com.jalaAcademy.automation.LoginTest@1cb9ef52]" started-at="2026-02-02T13:11:37 IST" name="B_TestInvaildLogin2" description="Verify that the user can log in with Invalid UserName and Password" finished-at="2026-02-02T13:11:38 IST" duration-ms="601" status="PASS">
          <reporter-output>
          </reporter-output>
        </test-method> <!-- B_TestInvaildLogin2 -->
        <test-method signature="C_TestInvaildLogin3()[pri:0, instance:com.jalaAcademy.automation.LoginTest@1cb9ef52]" started-at="2026-02-02T13:11:38 IST" name="C_TestInvaildLogin3" description="Verify that the user can log in without credentials" finished-at="2026-02-02T13:11:38 IST" duration-ms="408" status="PASS">
          <reporter-output>
          </reporter-output>
        </test-method> <!-- C_TestInvaildLogin3 -->
        <test-method signature="D_testVaildLogin4()[pri:0, instance:com.jalaAcademy.automation.LoginTest@1cb9ef52]" started-at="2026-02-02T13:11:38 IST" name="D_testVaildLogin4" description="Verify that the user can log in with valid credentials" finished-at="2026-02-02T13:11:39 IST" duration-ms="369" status="PASS">
          <reporter-output>
          </reporter-output>
        </test-method> <!-- D_testVaildLogin4 -->
        <test-method is-config="true" signature="quit()[pri:0, instance:com.jalaAcademy.automation.LoginTest@1cb9ef52]" started-at="2026-02-02T13:11:39 IST" name="quit" finished-at="2026-02-02T13:11:41 IST" duration-ms="2031" status="PASS">
          <reporter-output>
          </reporter-output>
        </test-method> <!-- quit -->
      </class> <!-- com.jalaAcademy.automation.LoginTest -->
    </test> <!-- Firefox -->
  </suite> <!-- Suite -->
</testng-results>
