<?xml version="1.0" encoding="UTF-8"?>
<!-- Generated by org.testng.reporters.JUnitReportReporter -->
<testsuite hostname="DESKTOP-CVKLOG0" failures="0" tests="2" name="com.jalaAcademy.automation.SearchEmployeeTest" time="14.501" errors="0" timestamp="2026-02-02T13:13:02 IST" skipped="0">
  <testcase classname="com.jalaAcademy.automation.SearchEmployeeTest" name="A_testSearchEmployee" time="6.858"/>
  <testcase classname="com.jalaAcademy.automation.SearchEmployeeTest" name="A_testSearchEmployee" time="7.643"/>
</testsuite> <!-- com.jalaAcademy.automation.SearchEmployeeTest -->
