<?xml version="1.0" encoding="UTF-8"?>
<!-- Generated by org.testng.reporters.JUnitReportReporter -->
<testsuite hostname="DESKTOP-CVKLOG0" failures="0" tests="8" name="com.jalaAcademy.automation.LoginTest" time="6.125" errors="0" timestamp="2026-02-02T13:13:02 IST" skipped="0">
  <testcase classname="com.jalaAcademy.automation.LoginTest" name="D_testVaildLogin4" time="0.369"/>
  <testcase classname="com.jalaAcademy.automation.LoginTest" name="B_TestInvaildLogin2" time="0.601"/>
  <testcase classname="com.jalaAcademy.automation.LoginTest" name="B_TestInvaildLogin2" time="1.264"/>
  <testcase classname="com.jalaAcademy.automation.LoginTest" name="A_TestInvaildLogin" time="0.893"/>
  <testcase classname="com.jalaAcademy.automation.LoginTest" name="D_testVaildLogin4" time="1.023"/>
  <testcase classname="com.jalaAcademy.automation.LoginTest" name="C_TestInvaildLogin3" time="0.802"/>
  <testcase classname="com.jalaAcademy.automation.LoginTest" name="C_TestInvaildLogin3" time="0.408"/>
  <testcase classname="com.jalaAcademy.automation.LoginTest" name="A_TestInvaildLogin" time="0.765"/>
</testsuite> <!-- com.jalaAcademy.automation.LoginTest -->
