<?xml version="1.0" encoding="UTF-8"?>
<!-- Generated by org.testng.reporters.JUnitReportReporter -->
<testsuite hostname="DESKTOP-CVKLOG0" failures="0" tests="2" name="com.jalaAcademy.automation.ImagesTest" time="4.640" errors="0" timestamp="2026-02-02T13:13:02 IST" skipped="0">
  <testcase classname="com.jalaAcademy.automation.ImagesTest" name="A_testUploadImages" time="2.241"/>
  <testcase classname="com.jalaAcademy.automation.ImagesTest" name="A_testUploadImages" time="2.399"/>
</testsuite> <!-- com.jalaAcademy.automation.ImagesTest -->
