<?xml version="1.0" encoding="UTF-8"?>
<!-- Generated by org.testng.reporters.JUnitReportReporter -->
<testsuite hostname="DESKTOP-CVKLOG0" failures="0" tests="2" name="com.jalaAcademy.automation.IframeTest" time="0.345" errors="0" timestamp="2026-02-02T13:04:02 IST" skipped="0">
  <testcase classname="com.jalaAcademy.automation.IframeTest" name="A_testIframe" time="0.201"/>
  <testcase classname="com.jalaAcademy.automation.IframeTest" name="A_testIframe" time="0.144"/>
</testsuite> <!-- com.jalaAcademy.automation.IframeTest -->
