<?xml version="1.0" encoding="UTF-8"?>
<!-- Generated by org.testng.reporters.JUnitReportReporter -->
<testsuite hostname="DESKTOP-CVKLOG0" failures="0" tests="2" name="com.jalaAcademy.automation.MenuTest" time="0.276" errors="0" timestamp="2026-02-02T13:04:02 IST" skipped="0">
  <testcase classname="com.jalaAcademy.automation.MenuTest" name="A_testMenu" time="0.099"/>
  <testcase classname="com.jalaAcademy.automation.MenuTest" name="A_testMenu" time="0.177"/>
</testsuite> <!-- com.jalaAcademy.automation.MenuTest -->
