<?xml version="1.0" encoding="UTF-8"?>
<!-- Generated by org.testng.reporters.JUnitReportReporter -->
<testsuite hostname="DESKTOP-CVKLOG0" failures="0" tests="2" name="com.jalaAcademy.automation.EmployeeDetailsTest" time="24.789" errors="0" timestamp="2026-02-02T13:04:02 IST" skipped="0">
  <testcase classname="com.jalaAcademy.automation.EmployeeDetailsTest" name="A_testVaildEmployeeDetails" time="12.339"/>
  <testcase classname="com.jalaAcademy.automation.EmployeeDetailsTest" name="A_testVaildEmployeeDetails" time="12.450"/>
</testsuite> <!-- com.jalaAcademy.automation.EmployeeDetailsTest -->
